<?xml version="1.0" encoding="utf-8"?>
<TestRun id="b5558833-a4fc-46d6-891b-8541a67f0574" name="@DESKTOP-JDL654V 2025-11-22 20:23:44" xmlns="http://microsoft.com/schemas/VisualStudio/TeamTest/2010">
  <Times creation="2025-11-22T20:23:44.7298655-05:00" queuing="2025-11-22T20:23:44.7298656-05:00" start="2025-11-22T20:23:43.0784553-05:00" finish="2025-11-22T20:24:03.0817049-05:00" />
  <TestSettings name="default" id="c84e9ac2-08e0-415a-aecc-2ef2687ff616">
    <Deployment runDeploymentRoot="_DESKTOP-JDL654V_2025-11-22_20_23_44" />
  </TestSettings>
  <Results>
    <UnitTestResult executionId="a41d6838-3f53-4266-bd0e-b5e3e5fb165c" testId="50194d53-d3b0-8601-9ea1-44bc26cc7d44" testName="ConsignmentGenie.Tests.Services.SlugServiceTests.GenerateSlug_WithConsecutiveHyphens_ReplacesWithSingleHyphen" computerName="DESKTOP-JDL654V" duration="00:00:00.0010536" startTime="2025-11-22T20:23:48.9722753-05:00" endTime="2025-11-22T20:23:48.9722756-05:00" testType="13cdc9d9-ddb5-4fa4-a97d-d965ccfc6d4b" outcome="Passed" testListId="8c84fa94-04c1-424b-9868-57a2d4851a1d" relativeResultsDirectory="a41d6838-3f53-4266-bd0e-b5e3e5fb165c" />
    <UnitTestResult executionId="0f9137ed-c3f7-4449-a5f9-be2a9246c487" testId="adf78f71-9d14-c4b6-b30d-98c881dc0aff" testName="ConsignmentGenie.Tests.Services.CartServiceTests.AddItemToCartAsync_ItemNotFound_ThrowsArgumentException" computerName="DESKTOP-JDL654V" duration="00:00:00.0046200" startTime="2025-11-22T20:23:49.3573935-05:00" endTime="2025-11-22T20:23:49.3573937-05:00" testType="13cdc9d9-ddb5-4fa4-a97d-d965ccfc6d4b" outcome="Passed" testListId="8c84fa94-04c1-424b-9868-57a2d4851a1d" relativeResultsDirectory="0f9137ed-c3f7-4449-a5f9-be2a9246c487" />
    <UnitTestResult executionId="47bfa8db-45d6-4543-817b-6d25759d2492" testId="dd597abb-329b-187c-bb8f-3f7286d241cd" testName="ConsignmentGenie.Tests.Services.SeedingTests.SeedData_AdminUserCanLogin" computerName="DESKTOP-JDL654V" duration="00:00:00.5715616" startTime="2025-11-22T20:23:51.3911372-05:00" endTime="2025-11-22T20:23:51.3911375-05:00" testType="13cdc9d9-ddb5-4fa4-a97d-d965ccfc6d4b" outcome="Passed" testListId="8c84fa94-04c1-424b-9868-57a2d4851a1d" relativeResultsDirectory="47bfa8db-45d6-4543-817b-6d25759d2492" />
    <UnitTestResult executionId="c4650d3b-cc78-4426-8162-7f4f8aa4a811" testId="5989c9e0-76e5-2df0-11ef-b19821bc8ca9" testName="ConsignmentGenie.Tests.Services.ShopperAuthServiceTests.LoginAsync_WithValidCredentials_ReturnsSuccessfulResult" computerName="DESKTOP-JDL654V" duration="00:00:00.4450154" startTime="2025-11-22T20:23:55.4627592-05:00" endTime="2025-11-22T20:23:55.4627594-05:00" testType="13cdc9d9-ddb5-4fa4-a97d-d965ccfc6d4b" outcome="Passed" testListId="8c84fa94-04c1-424b-9868-57a2d4851a1d" relativeResultsDirectory="c4650d3b-cc78-4426-8162-7f4f8aa4a811" />
    <UnitTestResult executionId="5fb20355-5fac-4596-84e4-8811a8e4f8bd" testId="5d205e50-5a10-7c29-37a3-603b4bc8e489" testName="ConsignmentGenie.Tests.Services.ProviderNotificationServiceTests.CreateNotificationAsync_ValidRequest_CreatesNotification" computerName="DESKTOP-JDL654V" duration="00:00:04.5460250" startTime="2025-11-22T20:23:48.9819674-05:00" endTime="2025-11-22T20:23:48.9819676-05:00" testType="13cdc9d9-ddb5-4fa4-a97d-d965ccfc6d4b" outcome="Passed" testListId="8c84fa94-04c1-424b-9868-57a2d4851a1d" relativeResultsDirectory="5fb20355-5fac-4596-84e4-8811a8e4f8bd" />
    <UnitTestResult executionId="e3677de0-e989-4440-bf78-6985ac97f053" testId="8d7e00ef-2a29-1b97-a44a-74489ef13942" testName="ConsignmentGenie.Tests.Services.StoreCodeServiceTests.ToggleStoreCodeAsync_WithInvalidOrganization_ThrowsException" computerName="DESKTOP-JDL654V" duration="00:00:00.0063257" startTime="2025-11-22T20:23:49.0504554-05:00" endTime="2025-11-22T20:23:49.0504559-05:00" testType="13cdc9d9-ddb5-4fa4-a97d-d965ccfc6d4b" outcome="Passed" testListId="8c84fa94-04c1-424b-9868-57a2d4851a1d" relativeResultsDirectory="e3677de0-e989-4440-bf78-6985ac97f053" />
    <UnitTestResult executionId="3e4d897a-e54f-4f96-b644-8f84af18c787" testId="5da195a4-b5fb-79e5-4455-4bf4a6ec93b9" testName="ConsignmentGenie.Tests.Services.AnonymousSessionTests.AnonymousCart_MergeWithAuthenticated_CombinesCarts" computerName="DESKTOP-JDL654V" duration="00:00:00.1021183" startTime="2025-11-22T20:23:49.2772755-05:00" endTime="2025-11-22T20:23:49.2772757-05:00" testType="13cdc9d9-ddb5-4fa4-a97d-d965ccfc6d4b" outcome="Passed" testListId="8c84fa94-04c1-424b-9868-57a2d4851a1d" relativeResultsDirectory="3e4d897a-e54f-4f96-b644-8f84af18c787" />
    <UnitTestResult executionId="70c5f5fb-e2f7-41da-a053-71844d9e9d4a" testId="d74b74fa-2d57-7b51-a723-f16d9fcff007" testName="ConsignmentGenie.Tests.Services.ReportsServiceTests.GetPayoutSummaryReportAsync_ReturnsCorrectData" computerName="DESKTOP-JDL654V" duration="00:00:00.2341059" startTime="2025-11-22T20:23:49.4456575-05:00" endTime="2025-11-22T20:23:49.4456576-05:00" testType="13cdc9d9-ddb5-4fa4-a97d-d965ccfc6d4b" outcome="Failed" testListId="8c84fa94-04c1-424b-9868-57a2d4851a1d" relativeResultsDirectory="70c5f5fb-e2f7-41da-a053-71844d9e9d4a">
      <Output>
        <ErrorInfo>
          <Message>Assert.True() Failure
Expected: True
Actual:   False</Message>
          <StackTrace>   at ConsignmentGenie.Tests.Services.ReportsServiceTests.GetPayoutSummaryReportAsync_ReturnsCorrectData() in /mnt/c/Projects/ConsignmentGenie/ConsignmentGenie_API/ConsignmentGenie.Tests/Services/ReportsServiceTests.cs:line 268
--- End of stack trace from previous location ---</StackTrace>
        </ErrorInfo>
      </Output>
    </UnitTestResult>
    <UnitTestResult executionId="a358303d-b4ee-48a1-8c13-d2af98aca190" testId="57d0fd6a-31ef-a7e0-4618-03d82537cf58" testName="ConsignmentGenie.Tests.Controllers.PublicStoreControllerTests.GetItems_InvalidPageSize_UseDefaultPageSize" computerName="DESKTOP-JDL654V" duration="00:00:00.2102314" startTime="2025-11-22T20:23:44.7150663-05:00" endTime="2025-11-22T20:23:44.7150665-05:00" testType="13cdc9d9-ddb5-4fa4-a97d-d965ccfc6d4b" outcome="Failed" testListId="8c84fa94-04c1-424b-9868-57a2d4851a1d" relativeResultsDirectory="a358303d-b4ee-48a1-8c13-d2af98aca190">
      <Output>
        <ErrorInfo>
          <Message>Assert.IsType() Failure: Value is not the exact type
Expected: typeof(Microsoft.AspNetCore.Mvc.OkObjectResult)
Actual:   typeof(Microsoft.AspNetCore.Mvc.ActionResult&lt;ApiResponse&lt;object&gt;&gt;)</Message>
          <StackTrace>   at ConsignmentGenie.Tests.Controllers.PublicStoreControllerTests.GetItems_InvalidPageSize_UseDefaultPageSize() in /mnt/c/Projects/ConsignmentGenie/ConsignmentGenie_API/ConsignmentGenie.Tests/Controllers/PublicStoreControllerTests.cs:line 130
--- End of stack trace from previous location ---</StackTrace>
        </ErrorInfo>
      </Output>
    </UnitTestResult>
    <UnitTestResult executionId="e233f47c-300d-4f25-89d3-6228b4397083" testId="897892b9-7304-4c99-ae62-5dd6144fb495" testName="ConsignmentGenie.Tests.Services.AuthServiceTests.LoginAsync_ValidCredentials_ReturnsSuccessResult" computerName="DESKTOP-JDL654V" duration="00:00:05.3683778" startTime="2025-11-22T20:23:49.7988255-05:00" endTime="2025-11-22T20:23:49.7988258-05:00" testType="13cdc9d9-ddb5-4fa4-a97d-d965ccfc6d4b" outcome="Passed" testListId="8c84fa94-04c1-424b-9868-57a2d4851a1d" relativeResultsDirectory="e233f47c-300d-4f25-89d3-6228b4397083" />
    <UnitTestResult executionId="f75b9778-6c88-4c68-817f-0beecaae61dc" testId="af5863b3-54cc-515d-9048-2d110c835e17" testName="ConsignmentGenie.Tests.Controllers.RegistrationControllerTests.RegisterProvider_WithValidRequest_ReturnsSuccessResult" computerName="DESKTOP-JDL654V" duration="00:00:00.0112620" startTime="2025-11-22T20:23:44.7226341-05:00" endTime="2025-11-22T20:23:44.7226342-05:00" testType="13cdc9d9-ddb5-4fa4-a97d-d965ccfc6d4b" outcome="Passed" testListId="8c84fa94-04c1-424b-9868-57a2d4851a1d" relativeResultsDirectory="f75b9778-6c88-4c68-817f-0beecaae61dc" />
    <UnitTestResult executionId="59875d33-ef84-4536-8907-74e34da2a375" testId="7bfc50e1-56da-7ac3-3ec3-95f4c89b645c" testName="ConsignmentGenie.Tests.Services.StoreServiceTests.GetStoreInfoAsync_InvalidSlug_ReturnsNull" computerName="DESKTOP-JDL654V" duration="00:00:00.0067582" startTime="2025-11-22T20:23:49.3527045-05:00" endTime="2025-11-22T20:23:49.3527047-05:00" testType="13cdc9d9-ddb5-4fa4-a97d-d965ccfc6d4b" outcome="Passed" testListId="8c84fa94-04c1-424b-9868-57a2d4851a1d" relativeResultsDirectory="59875d33-ef84-4536-8907-74e34da2a375" />
    <UnitTestResult executionId="d8354da9-8b13-45a7-a8f0-7997734dbbf9" testId="f0ee3790-75d9-bbc3-a02c-ea89a455ca14" testName="ConsignmentGenie.Tests.Controllers.CartControllerTests.AddItemToCart_ItemNotAvailable_ReturnsBadRequest" computerName="DESKTOP-JDL654V" duration="00:00:00.0051468" startTime="2025-11-22T20:23:44.8371664-05:00" endTime="2025-11-22T20:23:44.8371666-05:00" testType="13cdc9d9-ddb5-4fa4-a97d-d965ccfc6d4b" outcome="Failed" testListId="8c84fa94-04c1-424b-9868-57a2d4851a1d" relativeResultsDirectory="d8354da9-8b13-45a7-a8f0-7997734dbbf9">
      <Output>
        <ErrorInfo>
          <Message>Assert.IsType() Failure: Value is not the exact type
Expected: typeof(Microsoft.AspNetCore.Mvc.BadRequestObjectResult)
Actual:   typeof(Microsoft.AspNetCore.Mvc.ActionResult&lt;ApiResponse&lt;CartDto&gt;&gt;)</Message>
          <StackTrace>   at ConsignmentGenie.Tests.Controllers.CartControllerTests.AddItemToCart_ItemNotAvailable_ReturnsBadRequest() in /mnt/c/Projects/ConsignmentGenie/ConsignmentGenie_API/ConsignmentGenie.Tests/Controllers/CartControllerTests.cs:line 172
--- End of stack trace from previous location ---</StackTrace>
        </ErrorInfo>
      </Output>
    </UnitTestResult>
    <UnitTestResult executionId="d27cd860-8f7e-42b5-bff7-61e8938745c5" testId="e7f383d0-91e8-9525-031b-c81385d8f9ad" testName="ConsignmentGenie.Tests.Controllers.CheckoutControllerTests.CompleteCheckout_InvalidName_ReturnsBadRequest(invalidName: &quot;   &quot;)" computerName="DESKTOP-JDL654V" duration="00:00:00.0043939" startTime="2025-11-22T20:23:44.7284530-05:00" endTime="2025-11-22T20:23:44.7284532-05:00" testType="13cdc9d9-ddb5-4fa4-a97d-d965ccfc6d4b" outcome="Failed" testListId="8c84fa94-04c1-424b-9868-57a2d4851a1d" relativeResultsDirectory="d27cd860-8f7e-42b5-bff7-61e8938745c5">
      <Output>
        <ErrorInfo>
          <Message>Assert.IsType() Failure: Value is not the exact type
Expected: typeof(Microsoft.AspNetCore.Mvc.BadRequestObjectResult)
Actual:   typeof(Microsoft.AspNetCore.Mvc.ActionResult&lt;ApiResponse&lt;OrderDto&gt;&gt;)</Message>
          <StackTrace>   at ConsignmentGenie.Tests.Controllers.CheckoutControllerTests.CompleteCheckout_InvalidName_ReturnsBadRequest(String invalidName) in /mnt/c/Projects/ConsignmentGenie/ConsignmentGenie_API/ConsignmentGenie.Tests/Controllers/CheckoutControllerTests.cs:line 391
--- End of stack trace from previous location ---</StackTrace>
        </ErrorInfo>
      </Output>
    </UnitTestResult>
    <UnitTestResult executionId="f4ef334f-c646-410d-8f1f-5fc0dbd3df98" testId="0ba6b6b6-61ed-9949-43ec-86c1b22cc550" testName="ConsignmentGenie.Tests.Services.AnonymousSessionTests.AnonymousCart_DifferentSessionIds_IsolatedCarts" computerName="DESKTOP-JDL654V" duration="00:00:00.0208798" startTime="2025-11-22T20:23:49.4332721-05:00" endTime="2025-11-22T20:23:49.4332725-05:00" testType="13cdc9d9-ddb5-4fa4-a97d-d965ccfc6d4b" outcome="Passed" testListId="8c84fa94-04c1-424b-9868-57a2d4851a1d" relativeResultsDirectory="f4ef334f-c646-410d-8f1f-5fc0dbd3df98" />
    <UnitTestResult executionId="e6e3c42a-c3fa-422f-946b-72d9b08aa292" testId="05e35405-af2f-9fcf-a2b2-c85db584403f" testName="ConsignmentGenie.Tests.Services.ShopperAuthServiceTests.GetShopperProfileAsync_WithValidIds_ReturnsProfile" computerName="DESKTOP-JDL654V" duration="00:00:00.0156782" startTime="2025-11-22T20:23:55.4786396-05:00" endTime="2025-11-22T20:23:55.4786398-05:00" testType="13cdc9d9-ddb5-4fa4-a97d-d965ccfc6d4b" outcome="Passed" testListId="8c84fa94-04c1-424b-9868-57a2d4851a1d" relativeResultsDirectory="e6e3c42a-c3fa-422f-946b-72d9b08aa292" />
    <UnitTestResult executionId="d13af839-7528-4720-8e81-695276c10409" testId="0a9645af-249b-d2e4-7242-4effe4299875" testName="ConsignmentGenie.Tests.Services.StripeServiceTests.ValidateFounderEligibilityAsync_TenFounders_ReturnsTier2Eligibility" computerName="DESKTOP-JDL654V" duration="00:00:00.0335062" startTime="2025-11-22T20:23:48.9500846-05:00" endTime="2025-11-22T20:23:48.9500850-05:00" testType="13cdc9d9-ddb5-4fa4-a97d-d965ccfc6d4b" outcome="Passed" testListId="8c84fa94-04c1-424b-9868-57a2d4851a1d" relativeResultsDirectory="d13af839-7528-4720-8e81-695276c10409" />
    <UnitTestResult executionId="6baab7bd-1135-4804-a349-2e8f6a06c01d" testId="09ededec-dca1-f213-3807-546efcf1dc78" testName="ConsignmentGenie.Tests.Services.ShopperAuthServiceTests.LoginAsync_WithInvalidEmail_ReturnsFailure" computerName="DESKTOP-JDL654V" duration="00:00:00.0340298" startTime="2025-11-22T20:23:52.1703452-05:00" endTime="2025-11-22T20:23:52.1703454-05:00" testType="13cdc9d9-ddb5-4fa4-a97d-d965ccfc6d4b" outcome="Passed" testListId="8c84fa94-04c1-424b-9868-57a2d4851a1d" relativeResultsDirectory="6baab7bd-1135-4804-a349-2e8f6a06c01d" />
    <UnitTestResult executionId="5dcf33cd-129e-4c4e-922c-62174a1d4e37" testId="724ddf7f-316a-8518-c9f9-2ce6feb088df" testName="ConsignmentGenie.Tests.Controllers.CartControllerTests.AddItemToCart_ValidItem_ReturnsUpdatedCart" computerName="DESKTOP-JDL654V" duration="00:00:00.0061331" startTime="2025-11-22T20:23:44.8233510-05:00" endTime="2025-11-22T20:23:44.8233512-05:00" testType="13cdc9d9-ddb5-4fa4-a97d-d965ccfc6d4b" outcome="Failed" testListId="8c84fa94-04c1-424b-9868-57a2d4851a1d" relativeResultsDirectory="5dcf33cd-129e-4c4e-922c-62174a1d4e37">
      <Output>
        <ErrorInfo>
          <Message>Assert.IsType() Failure: Value is not the exact type
Expected: typeof(Microsoft.AspNetCore.Mvc.OkObjectResult)
Actual:   typeof(Microsoft.AspNetCore.Mvc.ActionResult&lt;ApiResponse&lt;CartDto&gt;&gt;)</Message>
          <StackTrace>   at ConsignmentGenie.Tests.Controllers.CartControllerTests.AddItemToCart_ValidItem_ReturnsUpdatedCart() in /mnt/c/Projects/ConsignmentGenie/ConsignmentGenie_API/ConsignmentGenie.Tests/Controllers/CartControllerTests.cs:line 127
--- End of stack trace from previous location ---</StackTrace>
        </ErrorInfo>
      </Output>
    </UnitTestResult>
    <UnitTestResult executionId="a8fad531-ecbc-4adc-828f-e765774bb43c" testId="29a0dc20-95a0-5012-4d21-67097d6de789" testName="ConsignmentGenie.Tests.Controllers.AdminControllerTests.ApproveOwner_WithNonExistentUser_ReturnsNotFound" computerName="DESKTOP-JDL654V" duration="00:00:00.0073578" startTime="2025-11-22T20:23:49.2630692-05:00" endTime="2025-11-22T20:23:49.2630694-05:00" testType="13cdc9d9-ddb5-4fa4-a97d-d965ccfc6d4b" outcome="Failed" testListId="8c84fa94-04c1-424b-9868-57a2d4851a1d" relativeResultsDirectory="a8fad531-ecbc-4adc-828f-e765774bb43c">
      <Output>
        <ErrorInfo>
          <Message>Assert.IsType() Failure: Value is not the exact type
Expected: typeof(Microsoft.AspNetCore.Mvc.NotFoundObjectResult)
Actual:   typeof(Microsoft.AspNetCore.Mvc.OkObjectResult)</Message>
          <StackTrace>   at ConsignmentGenie.Tests.Controllers.AdminControllerTests.ApproveOwner_WithNonExistentUser_ReturnsNotFound() in /mnt/c/Projects/ConsignmentGenie/ConsignmentGenie_API/ConsignmentGenie.Tests/Controllers/AdminControllerTests.cs:line 216
--- End of stack trace from previous location ---</StackTrace>
        </ErrorInfo>
      </Output>
    </UnitTestResult>
    <UnitTestResult executionId="b7844842-3088-41ac-b28d-7d790e275893" testId="0be55c8f-acd1-4100-01c3-93ad8ebb3f3a" testName="ConsignmentGenie.Tests.Services.SlugServiceTests.IsValidSlug_WithInvalidSlugs_ReturnsFalse(slug: &quot; &quot;, expected: False)" computerName="DESKTOP-JDL654V" duration="00:00:00.0001314" startTime="2025-11-22T20:23:44.8681603-05:00" endTime="2025-11-22T20:23:44.8681604-05:00" testType="13cdc9d9-ddb5-4fa4-a97d-d965ccfc6d4b" outcome="Passed" testListId="8c84fa94-04c1-424b-9868-57a2d4851a1d" relativeResultsDirectory="b7844842-3088-41ac-b28d-7d790e275893" />
    <UnitTestResult executionId="0c5945b4-f735-48dc-a949-ebc23ad8dd15" testId="775dcbdf-f2d5-9bcb-889f-3443d0d99c50" testName="ConsignmentGenie.Tests.Services.RegistrationServiceTests.RegisterOwnerAsync_WithValidRequest_CreatesOwnerSuccessfully" computerName="DESKTOP-JDL654V" duration="00:00:00.8773669" startTime="2025-11-22T20:24:00.5559358-05:00" endTime="2025-11-22T20:24:00.5559370-05:00" testType="13cdc9d9-ddb5-4fa4-a97d-d965ccfc6d4b" outcome="Passed" testListId="8c84fa94-04c1-424b-9868-57a2d4851a1d" relativeResultsDirectory="0c5945b4-f735-48dc-a949-ebc23ad8dd15" />
    <UnitTestResult executionId="c03bb273-0d08-412c-8de9-05614fa0db71" testId="94764e5a-ae7f-f2bd-30eb-8e98f24f157f" testName="ConsignmentGenie.Tests.Controllers.ShopControllerTests.Controller_ShouldHaveCorrectRouteAndAttributes" computerName="DESKTOP-JDL654V" duration="00:00:00.0022215" startTime="2025-11-22T20:23:44.7232741-05:00" endTime="2025-11-22T20:23:44.7232742-05:00" testType="13cdc9d9-ddb5-4fa4-a97d-d965ccfc6d4b" outcome="Passed" testListId="8c84fa94-04c1-424b-9868-57a2d4851a1d" relativeResultsDirectory="c03bb273-0d08-412c-8de9-05614fa0db71" />
    <UnitTestResult executionId="93d8eb2f-102f-456a-8ff8-7319fe2c526a" testId="51be2377-4c12-3bdd-a8c5-2a60e4041d0a" testName="ConsignmentGenie.Tests.Controllers.ReportsControllerTests.GetDailyReconciliation_WithValidRequest_ReturnsOkResult" computerName="DESKTOP-JDL654V" duration="00:00:00.0082583" startTime="2025-11-22T20:23:44.9342124-05:00" endTime="2025-11-22T20:23:44.9342126-05:00" testType="13cdc9d9-ddb5-4fa4-a97d-d965ccfc6d4b" outcome="Passed" testListId="8c84fa94-04c1-424b-9868-57a2d4851a1d" relativeResultsDirectory="93d8eb2f-102f-456a-8ff8-7319fe2c526a" />
    <UnitTestResult executionId="d0202e5b-ac89-44de-b8dc-9df154cc1f30" testId="44cf3666-faf3-bfcc-75f5-2dc28a4df236" testName="ConsignmentGenie.Tests.Controllers.UsersControllerTests.ApproveUser_WithAlreadyApprovedUser_ReturnsBadRequest" computerName="DESKTOP-JDL654V" duration="00:00:00.0059372" startTime="2025-11-22T20:23:45.1389912-05:00" endTime="2025-11-22T20:23:45.1389914-05:00" testType="13cdc9d9-ddb5-4fa4-a97d-d965ccfc6d4b" outcome="Passed" testListId="8c84fa94-04c1-424b-9868-57a2d4851a1d" relativeResultsDirectory="d0202e5b-ac89-44de-b8dc-9df154cc1f30" />
    <UnitTestResult executionId="597cec97-876b-4794-a086-7b173bf90949" testId="349ca581-3135-0596-3197-563051c88697" testName="ConsignmentGenie.Tests.Services.EmailServiceTests.SendWelcomeEmailAsync_ValidInput_ReturnsTrue" computerName="DESKTOP-JDL654V" duration="00:00:00.0027248" startTime="2025-11-22T20:23:44.7178348-05:00" endTime="2025-11-22T20:23:44.7178348-05:00" testType="13cdc9d9-ddb5-4fa4-a97d-d965ccfc6d4b" outcome="Failed" testListId="8c84fa94-04c1-424b-9868-57a2d4851a1d" relativeResultsDirectory="597cec97-876b-4794-a086-7b173bf90949">
      <Output>
        <ErrorInfo>
          <Message>System.NotSupportedException : Unsupported expression: r =&gt; r.IsSuccessStatusCode&#xD;
Non-overridable members (here: Response.get_IsSuccessStatusCode) may not be used in setup / verification expressions.</Message>
          <StackTrace>   at Moq.Guard.IsOverridable(MethodInfo method, Expression expression) in /_/src/Moq/Guard.cs:line 99
   at Moq.MethodExpectation..ctor(LambdaExpression expression, MethodInfo method, IReadOnlyList`1 arguments, Boolean exactGenericTypeArguments, Boolean skipMatcherInitialization, Boolean allowNonOverridable) in /_/src/Moq/MethodExpectation.cs:line 236
   at Moq.ExpressionExtensions.&lt;Split&gt;g__Split|5_0(Expression e, Expression&amp; r, MethodExpectation&amp; p, Boolean assignment, Boolean allowNonOverridableLastProperty) in /_/src/Moq/ExpressionExtensions.cs:line 347
   at Moq.ExpressionExtensions.Split(LambdaExpression expression, Boolean allowNonOverridableLastProperty) in /_/src/Moq/ExpressionExtensions.cs:line 170
   at Moq.Mock.SetupRecursive[TSetup](Mock mock, LambdaExpression expression, Func`4 setupLast, Boolean allowNonOverridableLastProperty) in /_/src/Moq/Mock.cs:line 728
   at Moq.Mock.Setup(Mock mock, LambdaExpression expression, Condition condition) in /_/src/Moq/Mock.cs:line 562
   at Moq.Mock`1.Setup[TResult](Expression`1 expression) in /_/src/Moq/Mock`1.cs:line 645
   at ConsignmentGenie.Tests.Services.EmailServiceTests.SendWelcomeEmailAsync_ValidInput_ReturnsTrue() in /mnt/c/Projects/ConsignmentGenie/ConsignmentGenie_API/ConsignmentGenie.Tests/Services/EmailServiceTests.cs:line 41
--- End of stack trace from previous location ---</StackTrace>
        </ErrorInfo>
      </Output>
    </UnitTestResult>
    <UnitTestResult executionId="fc7d0764-7f00-45db-9f22-11ae32985fc8" testId="75f2c180-982f-5932-51aa-85ce557bd74b" testName="ConsignmentGenie.Tests.Services.CartServiceTests.IsItemInCartAsync_ItemNotInCart_ReturnsFalse" computerName="DESKTOP-JDL654V" duration="00:00:00.0042605" startTime="2025-11-22T20:23:49.3522921-05:00" endTime="2025-11-22T20:23:49.3522922-05:00" testType="13cdc9d9-ddb5-4fa4-a97d-d965ccfc6d4b" outcome="Passed" testListId="8c84fa94-04c1-424b-9868-57a2d4851a1d" relativeResultsDirectory="fc7d0764-7f00-45db-9f22-11ae32985fc8" />
    <UnitTestResult executionId="e3c60220-e331-4949-825d-f4cc7b42fff5" testId="3c7bc97b-4a2b-2482-b3d1-11a4b5da5d5b" testName="ConsignmentGenie.Tests.Controllers.PublicStoreControllerTests.GetCategories_ValidStore_ReturnsCategories" computerName="DESKTOP-JDL654V" duration="00:00:00.0063332" startTime="2025-11-22T20:23:44.7254649-05:00" endTime="2025-11-22T20:23:44.7254650-05:00" testType="13cdc9d9-ddb5-4fa4-a97d-d965ccfc6d4b" outcome="Failed" testListId="8c84fa94-04c1-424b-9868-57a2d4851a1d" relativeResultsDirectory="e3c60220-e331-4949-825d-f4cc7b42fff5">
      <Output>
        <ErrorInfo>
          <Message>Assert.IsType() Failure: Value is not the exact type
Expected: typeof(Microsoft.AspNetCore.Mvc.OkObjectResult)
Actual:   typeof(Microsoft.AspNetCore.Mvc.ActionResult&lt;ApiResponse&lt;List&lt;CategoryDto&gt;&gt;&gt;)</Message>
          <StackTrace>   at ConsignmentGenie.Tests.Controllers.PublicStoreControllerTests.GetCategories_ValidStore_ReturnsCategories() in /mnt/c/Projects/ConsignmentGenie/ConsignmentGenie_API/ConsignmentGenie.Tests/Controllers/PublicStoreControllerTests.cs:line 202
--- End of stack trace from previous location ---</StackTrace>
        </ErrorInfo>
      </Output>
    </UnitTestResult>
    <UnitTestResult executionId="0f9e59c0-4a64-4a73-9366-3fe7b03543cb" testId="43ad7f2f-c37d-85df-fc3a-9f85be9a7656" testName="ConsignmentGenie.Tests.Services.OrderServiceTests.GetOrderAsync_ExistingOrder_ReturnsOrder" computerName="DESKTOP-JDL654V" duration="00:00:00.0168237" startTime="2025-11-22T20:23:49.6439381-05:00" endTime="2025-11-22T20:23:49.6439384-05:00" testType="13cdc9d9-ddb5-4fa4-a97d-d965ccfc6d4b" outcome="Passed" testListId="8c84fa94-04c1-424b-9868-57a2d4851a1d" relativeResultsDirectory="0f9e59c0-4a64-4a73-9366-3fe7b03543cb" />
    <UnitTestResult executionId="dbaf9818-e68a-4b0a-a51a-2e3fc4b163a4" testId="7e31006a-13f1-9f5c-af59-7373f8cea467" testName="ConsignmentGenie.Tests.Controllers.DashboardControllerTests.UpdateAutoApproveProviders_EnablesAutoApprove" computerName="DESKTOP-JDL654V" duration="00:00:04.6059670" startTime="2025-11-22T20:23:49.0384458-05:00" endTime="2025-11-22T20:23:49.0384460-05:00" testType="13cdc9d9-ddb5-4fa4-a97d-d965ccfc6d4b" outcome="Failed" testListId="8c84fa94-04c1-424b-9868-57a2d4851a1d" relativeResultsDirectory="dbaf9818-e68a-4b0a-a51a-2e3fc4b163a4">
      <Output>
        <ErrorInfo>
          <Message>Microsoft.CSharp.RuntimeBinder.RuntimeBinderException : 'object' does not contain a definition for 'success'</Message>
          <StackTrace>   at CallSite.Target(Closure, CallSite, Object)
   at System.Dynamic.UpdateDelegates.UpdateAndExecute1[T0,TRet](CallSite site, T0 arg0)
   at ConsignmentGenie.Tests.Controllers.DashboardControllerTests.UpdateAutoApproveProviders_EnablesAutoApprove() in /mnt/c/Projects/ConsignmentGenie/ConsignmentGenie_API/ConsignmentGenie.Tests/Controllers/DashboardControllerTests.cs:line 88
--- End of stack trace from previous location ---</StackTrace>
        </ErrorInfo>
      </Output>
    </UnitTestResult>
    <UnitTestResult executionId="9579646f-825c-494a-a4af-afc3b2aa0800" testId="5a8381f2-7824-2c6c-3847-333c41c5c018" testName="ConsignmentGenie.Tests.Controllers.ProviderNotificationsControllerTests.UpdatePreferences_WithInvalidModel_ReturnsBadRequest" computerName="DESKTOP-JDL654V" duration="00:00:00.0077834" startTime="2025-11-22T20:23:44.6927347-05:00" endTime="2025-11-22T20:23:44.6927348-05:00" testType="13cdc9d9-ddb5-4fa4-a97d-d965ccfc6d4b" outcome="Passed" testListId="8c84fa94-04c1-424b-9868-57a2d4851a1d" relativeResultsDirectory="9579646f-825c-494a-a4af-afc3b2aa0800" />
    <UnitTestResult executionId="b4595261-b99f-476c-b0c5-73cba4c21ead" testId="fda28fe7-c9a1-c3fb-c678-6c5259c3316c" testName="ConsignmentGenie.Tests.Controllers.CheckoutControllerTests.ValidateCheckout_InvalidCart_ReturnsInvalidResult" computerName="DESKTOP-JDL654V" duration="00:00:00.0231464" startTime="2025-11-22T20:23:44.7240498-05:00" endTime="2025-11-22T20:23:44.7240499-05:00" testType="13cdc9d9-ddb5-4fa4-a97d-d965ccfc6d4b" outcome="Failed" testListId="8c84fa94-04c1-424b-9868-57a2d4851a1d" relativeResultsDirectory="b4595261-b99f-476c-b0c5-73cba4c21ead">
      <Output>
        <ErrorInfo>
          <Message>Assert.IsType() Failure: Value is not the exact type
Expected: typeof(Microsoft.AspNetCore.Mvc.OkObjectResult)
Actual:   typeof(Microsoft.AspNetCore.Mvc.ActionResult&lt;ApiResponse&lt;CheckoutValidationDto&gt;&gt;)</Message>
          <StackTrace>   at ConsignmentGenie.Tests.Controllers.CheckoutControllerTests.ValidateCheckout_InvalidCart_ReturnsInvalidResult() in /mnt/c/Projects/ConsignmentGenie/ConsignmentGenie_API/ConsignmentGenie.Tests/Controllers/CheckoutControllerTests.cs:line 82
--- End of stack trace from previous location ---</StackTrace>
        </ErrorInfo>
      </Output>
    </UnitTestResult>
    <UnitTestResult executionId="50230c94-1472-4987-9918-9045f91ae3da" testId="df9fca32-09cf-b32f-27ca-32417cc21442" testName="ConsignmentGenie.Tests.Services.SlugServiceTests.IsValidSlug_WithValidSlugs_ReturnsTrue(slug: &quot;vintage-shop-123&quot;, expected: True)" computerName="DESKTOP-JDL654V" duration="00:00:00.0002391" startTime="2025-11-22T20:23:48.9095176-05:00" endTime="2025-11-22T20:23:48.9095177-05:00" testType="13cdc9d9-ddb5-4fa4-a97d-d965ccfc6d4b" outcome="Passed" testListId="8c84fa94-04c1-424b-9868-57a2d4851a1d" relativeResultsDirectory="50230c94-1472-4987-9918-9045f91ae3da" />
    <UnitTestResult executionId="13833051-04b1-40cf-9299-d3ef32d5ce08" testId="be9408f0-71bf-0226-f423-ff99bb6bd7a1" testName="ConsignmentGenie.Tests.Controllers.ProviderStatementsControllerTests.GetStatementPdf_WhenServiceThrows_ReturnsInternalServerError" computerName="DESKTOP-JDL654V" duration="00:00:00.0070089" startTime="2025-11-22T20:23:44.8745638-05:00" endTime="2025-11-22T20:23:44.8745640-05:00" testType="13cdc9d9-ddb5-4fa4-a97d-d965ccfc6d4b" outcome="Passed" testListId="8c84fa94-04c1-424b-9868-57a2d4851a1d" relativeResultsDirectory="13833051-04b1-40cf-9299-d3ef32d5ce08" />
    <UnitTestResult executionId="19e2f325-176a-4184-b4af-6897c1bdc4eb" testId="fc245a21-1204-dd50-d1e7-ae0257f98add" testName="ConsignmentGenie.Tests.Services.SlugServiceTests.GenerateSlug_WithVariousInputs_GeneratesExpectedSlugs(input: &quot;Mom's Place&quot;, expected: &quot;moms-place&quot;)" computerName="DESKTOP-JDL654V" duration="00:00:00.0005374" startTime="2025-11-22T20:23:48.9403031-05:00" endTime="2025-11-22T20:23:48.9403032-05:00" testType="13cdc9d9-ddb5-4fa4-a97d-d965ccfc6d4b" outcome="Passed" testListId="8c84fa94-04c1-424b-9868-57a2d4851a1d" relativeResultsDirectory="19e2f325-176a-4184-b4af-6897c1bdc4eb" />
    <UnitTestResult executionId="73f84b81-3a4d-4715-8e03-306aed17fea2" testId="b061babb-5b8b-5ee4-3783-5cf1d5b66924" testName="ConsignmentGenie.Tests.Services.ReportsServiceTests.GetInventoryAgingReportAsync_ReturnsCorrectData" computerName="DESKTOP-JDL654V" duration="00:00:00.0716453" startTime="2025-11-22T20:23:53.0805462-05:00" endTime="2025-11-22T20:23:53.0805465-05:00" testType="13cdc9d9-ddb5-4fa4-a97d-d965ccfc6d4b" outcome="Passed" testListId="8c84fa94-04c1-424b-9868-57a2d4851a1d" relativeResultsDirectory="73f84b81-3a4d-4715-8e03-306aed17fea2" />
    <UnitTestResult executionId="228ca1f5-307c-47bf-8733-dfbceba30c8a" testId="9434696e-b7b2-fa58-4ba2-16b0dd2c0f1e" testName="ConsignmentGenie.Tests.Controllers.ReportsControllerTests.ExportSalesReport_UnsupportedFormat_ReturnsBadRequest" computerName="DESKTOP-JDL654V" duration="00:00:00.0009645" startTime="2025-11-22T20:23:44.9821482-05:00" endTime="2025-11-22T20:23:44.9821484-05:00" testType="13cdc9d9-ddb5-4fa4-a97d-d965ccfc6d4b" outcome="Passed" testListId="8c84fa94-04c1-424b-9868-57a2d4851a1d" relativeResultsDirectory="228ca1f5-307c-47bf-8733-dfbceba30c8a" />
    <UnitTestResult executionId="f891087c-8cc5-4b82-ba69-e3c66725e9f2" testId="7ccd88d2-cd84-643d-e0b3-c69c499f25b6" testName="ConsignmentGenie.Tests.Controllers.ReportsControllerTests.GetSalesReport_WithFilters_PassesCorrectFilters" computerName="DESKTOP-JDL654V" duration="00:00:00.0054656" startTime="2025-11-22T20:23:44.9733863-05:00" endTime="2025-11-22T20:23:44.9733864-05:00" testType="13cdc9d9-ddb5-4fa4-a97d-d965ccfc6d4b" outcome="Passed" testListId="8c84fa94-04c1-424b-9868-57a2d4851a1d" relativeResultsDirectory="f891087c-8cc5-4b82-ba69-e3c66725e9f2" />
    <UnitTestResult executionId="daafa9d5-2a2b-4e3d-bfa5-315f022939ff" testId="6b915b90-b265-f1ab-509b-897c1e7ce8f6" testName="ConsignmentGenie.Tests.Services.SlugServiceTests.GenerateSlug_WithWhitespaceOnly_ReturnsShop" computerName="DESKTOP-JDL654V" duration="00:00:00.0010028" startTime="2025-11-22T20:23:48.9807969-05:00" endTime="2025-11-22T20:23:48.9807970-05:00" testType="13cdc9d9-ddb5-4fa4-a97d-d965ccfc6d4b" outcome="Failed" testListId="8c84fa94-04c1-424b-9868-57a2d4851a1d" relativeResultsDirectory="daafa9d5-2a2b-4e3d-bfa5-315f022939ff">
      <Output>
        <ErrorInfo>
          <Message>Assert.Equal() Failure: Strings differ
           ↓ (pos 0)
Expected: "shop"
Actual:   ""</Message>
          <StackTrace>   at ConsignmentGenie.Tests.Services.SlugServiceTests.GenerateSlug_WithWhitespaceOnly_ReturnsShop() in /mnt/c/Projects/ConsignmentGenie/ConsignmentGenie_API/ConsignmentGenie.Tests/Services/SlugServiceTests.cs:line 115
   at System.RuntimeMethodHandle.InvokeMethod(Object target, Void** arguments, Signature sig, Boolean isConstructor)
   at System.Reflection.MethodBaseInvoker.InvokeWithNoArgs(Object obj, BindingFlags invokeAttr)</StackTrace>
        </ErrorInfo>
      </Output>
    </UnitTestResult>
    <UnitTestResult executionId="7ce7637a-7215-41a5-a1fb-1a77bc583260" testId="828ead15-eda9-7000-36eb-6dbbb312a0bb" testName="ConsignmentGenie.Tests.Services.SeedingTests.SeedData_CreatesOrganization" computerName="DESKTOP-JDL654V" duration="00:00:00.0512222" startTime="2025-11-22T20:23:50.8194072-05:00" endTime="2025-11-22T20:23:50.8194074-05:00" testType="13cdc9d9-ddb5-4fa4-a97d-d965ccfc6d4b" outcome="Passed" testListId="8c84fa94-04c1-424b-9868-57a2d4851a1d" relativeResultsDirectory="7ce7637a-7215-41a5-a1fb-1a77bc583260" />
    <UnitTestResult executionId="e47ad9a8-b945-45f0-a118-f015d142e430" testId="b54740e6-7dfc-e6fe-72a8-c557266cc53b" testName="ConsignmentGenie.Tests.Controllers.CheckoutControllerTests.CreatePaymentIntent_InvalidCart_ReturnsBadRequest" computerName="DESKTOP-JDL654V" duration="00:00:00.0053265" startTime="2025-11-22T20:23:44.7577917-05:00" endTime="2025-11-22T20:23:44.7577918-05:00" testType="13cdc9d9-ddb5-4fa4-a97d-d965ccfc6d4b" outcome="Failed" testListId="8c84fa94-04c1-424b-9868-57a2d4851a1d" relativeResultsDirectory="e47ad9a8-b945-45f0-a118-f015d142e430">
      <Output>
        <ErrorInfo>
          <Message>Assert.IsType() Failure: Value is not the exact type
Expected: typeof(Microsoft.AspNetCore.Mvc.BadRequestObjectResult)
Actual:   typeof(Microsoft.AspNetCore.Mvc.ActionResult&lt;ApiResponse&lt;PaymentIntentDto&gt;&gt;)</Message>
          <StackTrace>   at ConsignmentGenie.Tests.Controllers.CheckoutControllerTests.CreatePaymentIntent_InvalidCart_ReturnsBadRequest() in /mnt/c/Projects/ConsignmentGenie/ConsignmentGenie_API/ConsignmentGenie.Tests/Controllers/CheckoutControllerTests.cs:line 148
--- End of stack trace from previous location ---</StackTrace>
        </ErrorInfo>
      </Output>
    </UnitTestResult>
    <UnitTestResult executionId="70d35fa3-6ccd-4abb-8687-14083a09d06c" testId="6ba15e21-302b-a0ce-53e6-1034f4a91e5a" testName="ConsignmentGenie.Tests.Services.SlugServiceTests.IsValidSlug_WithInvalidSlugs_ReturnsFalse(slug: &quot;shop_store&quot;, expected: False)" computerName="DESKTOP-JDL654V" duration="00:00:00.0002554" startTime="2025-11-22T20:23:44.8683896-05:00" endTime="2025-11-22T20:23:44.8683897-05:00" testType="13cdc9d9-ddb5-4fa4-a97d-d965ccfc6d4b" outcome="Passed" testListId="8c84fa94-04c1-424b-9868-57a2d4851a1d" relativeResultsDirectory="70d35fa3-6ccd-4abb-8687-14083a09d06c" />
    <UnitTestResult executionId="80db9fc8-309e-4d65-a722-a2a07361ff57" testId="5a26f80a-5986-e069-95be-117e4976edd9" testName="ConsignmentGenie.Tests.Controllers.ProviderNotificationsControllerTests.DeleteNotification_WithValidNotification_ReturnsNoContent" computerName="DESKTOP-JDL654V" duration="00:00:00.0102805" startTime="2025-11-22T20:23:44.7188630-05:00" endTime="2025-11-22T20:23:44.7188631-05:00" testType="13cdc9d9-ddb5-4fa4-a97d-d965ccfc6d4b" outcome="Passed" testListId="8c84fa94-04c1-424b-9868-57a2d4851a1d" relativeResultsDirectory="80db9fc8-309e-4d65-a722-a2a07361ff57" />
    <UnitTestResult executionId="382845a5-7151-4767-81ec-6b743948d05f" testId="b5b6601a-807f-76e0-a699-a9a5a4f420ff" testName="ConsignmentGenie.Tests.Controllers.AdminControllerTests.Health_ReturnsHealthyStatus" computerName="DESKTOP-JDL654V" duration="00:00:00.2054755" startTime="2025-11-22T20:23:49.2100609-05:00" endTime="2025-11-22T20:23:49.2100611-05:00" testType="13cdc9d9-ddb5-4fa4-a97d-d965ccfc6d4b" outcome="Passed" testListId="8c84fa94-04c1-424b-9868-57a2d4851a1d" relativeResultsDirectory="382845a5-7151-4767-81ec-6b743948d05f" />
    <UnitTestResult executionId="85ea529c-f7ca-4c50-b39c-8efd0d4117fc" testId="95e3952c-2ccb-715e-ad9e-9f48c0d9223a" testName="ConsignmentGenie.Tests.Controllers.CartControllerTests.RemoveFromCart_InvalidGuid_ReturnsBadRequest" computerName="DESKTOP-JDL654V" duration="00:00:00.0015968" startTime="2025-11-22T20:23:44.8646900-05:00" endTime="2025-11-22T20:23:44.8646901-05:00" testType="13cdc9d9-ddb5-4fa4-a97d-d965ccfc6d4b" outcome="Failed" testListId="8c84fa94-04c1-424b-9868-57a2d4851a1d" relativeResultsDirectory="85ea529c-f7ca-4c50-b39c-8efd0d4117fc">
      <Output>
        <ErrorInfo>
          <Message>Assert.IsType() Failure: Value is not the exact type
Expected: typeof(Microsoft.AspNetCore.Mvc.BadRequestObjectResult)
Actual:   typeof(Microsoft.AspNetCore.Mvc.ActionResult&lt;ApiResponse&lt;CartDto&gt;&gt;)</Message>
          <StackTrace>   at ConsignmentGenie.Tests.Controllers.CartControllerTests.RemoveFromCart_InvalidGuid_ReturnsBadRequest() in /mnt/c/Projects/ConsignmentGenie/ConsignmentGenie_API/ConsignmentGenie.Tests/Controllers/CartControllerTests.cs:line 364
--- End of stack trace from previous location ---</StackTrace>
        </ErrorInfo>
      </Output>
    </UnitTestResult>
    <UnitTestResult executionId="5123bc9c-8745-42c4-8dd0-369cb3dc1854" testId="d113b7f4-f5d6-f355-b47f-e411f703dc4f" testName="ConsignmentGenie.Tests.Services.SlugServiceTests.IsValidSlug_WithInvalidSlugs_ReturnsFalse(slug: &quot;shop store&quot;, expected: False)" computerName="DESKTOP-JDL654V" duration="00:00:00.0006244" startTime="2025-11-22T20:23:44.8662812-05:00" endTime="2025-11-22T20:23:44.8662813-05:00" testType="13cdc9d9-ddb5-4fa4-a97d-d965ccfc6d4b" outcome="Passed" testListId="8c84fa94-04c1-424b-9868-57a2d4851a1d" relativeResultsDirectory="5123bc9c-8745-42c4-8dd0-369cb3dc1854" />
    <UnitTestResult executionId="485a87ee-6fe9-451c-b0d6-a81e5cdb22b5" testId="38d54048-b5cf-3919-3ca0-3afbea82615f" testName="ConsignmentGenie.Tests.Controllers.CheckoutControllerTests.CompleteCheckout_ValidRequest_ReturnsOrder" computerName="DESKTOP-JDL654V" duration="00:00:00.0081175" startTime="2025-11-22T20:23:44.8436188-05:00" endTime="2025-11-22T20:23:44.8436190-05:00" testType="13cdc9d9-ddb5-4fa4-a97d-d965ccfc6d4b" outcome="Failed" testListId="8c84fa94-04c1-424b-9868-57a2d4851a1d" relativeResultsDirectory="485a87ee-6fe9-451c-b0d6-a81e5cdb22b5">
      <Output>
        <ErrorInfo>
          <Message>Assert.IsType() Failure: Value is not the exact type
Expected: typeof(Microsoft.AspNetCore.Mvc.OkObjectResult)
Actual:   typeof(Microsoft.AspNetCore.Mvc.ActionResult&lt;ApiResponse&lt;OrderDto&gt;&gt;)</Message>
          <StackTrace>   at ConsignmentGenie.Tests.Controllers.CheckoutControllerTests.CompleteCheckout_ValidRequest_ReturnsOrder() in /mnt/c/Projects/ConsignmentGenie/ConsignmentGenie_API/ConsignmentGenie.Tests/Controllers/CheckoutControllerTests.cs:line 191
--- End of stack trace from previous location ---</StackTrace>
        </ErrorInfo>
      </Output>
    </UnitTestResult>
    <UnitTestResult executionId="5b7a10d9-d129-48dc-a544-d34160ff4b9d" testId="262f1787-6929-3616-1905-3b99cb96f60e" testName="ConsignmentGenie.Tests.Services.ShopperAuthServiceTests.GenerateShopperJwtToken_WithValidParameters_ReturnsValidToken" computerName="DESKTOP-JDL654V" duration="00:00:00.0220432" startTime="2025-11-22T20:23:52.1370781-05:00" endTime="2025-11-22T20:23:52.1370782-05:00" testType="13cdc9d9-ddb5-4fa4-a97d-d965ccfc6d4b" outcome="Failed" testListId="8c84fa94-04c1-424b-9868-57a2d4851a1d" relativeResultsDirectory="5b7a10d9-d129-48dc-a544-d34160ff4b9d">
      <Output>
        <ErrorInfo>
          <Message>Assert.Contains() Failure: Filter not matched in collection
Collection: [nameid: dcdc8474-ce2c-4b33-8aab-bcd62465857e, email: shopper@example.com, role: Customer, ShopperId: d55f2f60-aff6-4362-abba-3bbe5b988ee6, OrganizationId: 8b1b5e9a-9a36-4b21-939b-73a13fdc5294, ···]</Message>
          <StackTrace>   at ConsignmentGenie.Tests.Services.ShopperAuthServiceTests.GenerateShopperJwtToken_WithValidParameters_ReturnsValidToken() in /mnt/c/Projects/ConsignmentGenie/ConsignmentGenie_API/ConsignmentGenie.Tests/Services/ShopperAuthServiceTests.cs:line 531
   at System.RuntimeMethodHandle.InvokeMethod(Object target, Void** arguments, Signature sig, Boolean isConstructor)
   at System.Reflection.MethodBaseInvoker.InvokeWithNoArgs(Object obj, BindingFlags invokeAttr)</StackTrace>
        </ErrorInfo>
      </Output>
    </UnitTestResult>
    <UnitTestResult executionId="c95c0323-e3fc-43c4-ae47-10668c794851" testId="64873fc1-9398-d9c9-ed3b-9b7eccac670b" testName="ConsignmentGenie.Tests.Services.SplitCalculationServiceTests.CalculateSplit_VariousInputs_ReturnsCorrectSplit(salePrice: 99.99, splitPercentage: 60, expectedProviderAmount: 59.99, expectedShopAmount: 40)" computerName="DESKTOP-JDL654V" duration="00:00:00.0037777" startTime="2025-11-22T20:23:49.0639003-05:00" endTime="2025-11-22T20:23:49.0639005-05:00" testType="13cdc9d9-ddb5-4fa4-a97d-d965ccfc6d4b" outcome="Passed" testListId="8c84fa94-04c1-424b-9868-57a2d4851a1d" relativeResultsDirectory="c95c0323-e3fc-43c4-ae47-10668c794851" />
    <UnitTestResult executionId="03ff402f-68a7-43e5-9724-303104d78f78" testId="a842f990-8ee2-20f4-74ff-c99f0c6be8c4" testName="ConsignmentGenie.Tests.Services.StripePaymentServiceTests.CreatePaymentIntentAsync_LogsErrorWhenNoKey" computerName="DESKTOP-JDL654V" duration="00:00:00.0037715" startTime="2025-11-22T20:23:44.9088276-05:00" endTime="2025-11-22T20:23:44.9088277-05:00" testType="13cdc9d9-ddb5-4fa4-a97d-d965ccfc6d4b" outcome="Passed" testListId="8c84fa94-04c1-424b-9868-57a2d4851a1d" relativeResultsDirectory="03ff402f-68a7-43e5-9724-303104d78f78" />
    <UnitTestResult executionId="24164134-fb67-41c1-9a4b-f022f75569a6" testId="01d49b6c-643b-e4f7-048e-dabcd3c3947c" testName="ConsignmentGenie.Tests.Services.StoreServiceTests.GetCategoriesAsync_InvalidStore_ReturnsEmptyList" computerName="DESKTOP-JDL654V" duration="00:00:00.0061824" startTime="2025-11-22T20:23:49.3456505-05:00" endTime="2025-11-22T20:23:49.3456508-05:00" testType="13cdc9d9-ddb5-4fa4-a97d-d965ccfc6d4b" outcome="Passed" testListId="8c84fa94-04c1-424b-9868-57a2d4851a1d" relativeResultsDirectory="24164134-fb67-41c1-9a4b-f022f75569a6" />
    <UnitTestResult executionId="6d8e748c-d488-41b0-a33a-69da6b4aa7b7" testId="ceca9e11-df93-ade7-da56-b5e53dcadbcc" testName="ConsignmentGenie.Tests.Attributes.RequiresTierAttributeTests.OnAuthorization_ProTierRequiredWithEnterpriseSubscription_AllowsAccess" computerName="DESKTOP-JDL654V" duration="00:00:00.0071477" startTime="2025-11-22T20:23:48.9634459-05:00" endTime="2025-11-22T20:23:48.9634466-05:00" testType="13cdc9d9-ddb5-4fa4-a97d-d965ccfc6d4b" outcome="Passed" testListId="8c84fa94-04c1-424b-9868-57a2d4851a1d" relativeResultsDirectory="6d8e748c-d488-41b0-a33a-69da6b4aa7b7" />
    <UnitTestResult executionId="2d11a733-a87b-4140-b7d3-9c29b54eac1c" testId="6f21b377-b000-2c04-93ab-f414f210ff63" testName="ConsignmentGenie.Tests.Services.ProviderNotificationServiceTests.CreateNotificationAsync_WithEmailPreference_SendsEmail" computerName="DESKTOP-JDL654V" duration="00:00:00.2262567" startTime="2025-11-22T20:23:49.3003656-05:00" endTime="2025-11-22T20:23:49.3003658-05:00" testType="13cdc9d9-ddb5-4fa4-a97d-d965ccfc6d4b" outcome="Passed" testListId="8c84fa94-04c1-424b-9868-57a2d4851a1d" relativeResultsDirectory="2d11a733-a87b-4140-b7d3-9c29b54eac1c" />
    <UnitTestResult executionId="25194904-082e-44b6-85b0-e1244519c4c3" testId="834df2b3-920a-6e0f-388a-f15503684946" testName="ConsignmentGenie.Tests.Controllers.ProviderStatementsControllerTests.GetStatements_WithoutProviderContext_ReturnsUnauthorized" computerName="DESKTOP-JDL654V" duration="00:00:00.0230653" startTime="2025-11-22T20:23:44.7948189-05:00" endTime="2025-11-22T20:23:44.7948192-05:00" testType="13cdc9d9-ddb5-4fa4-a97d-d965ccfc6d4b" outcome="Passed" testListId="8c84fa94-04c1-424b-9868-57a2d4851a1d" relativeResultsDirectory="25194904-082e-44b6-85b0-e1244519c4c3" />
    <UnitTestResult executionId="fdc38312-20aa-4c06-8c34-8b494c953f92" testId="88ef447c-19c4-b3f4-1034-4f29db79cbbe" testName="ConsignmentGenie.Tests.Controllers.CartControllerTests.ClearCart_ServiceFails_ReturnsInternalServerError" computerName="DESKTOP-JDL654V" duration="00:00:00.0233073" startTime="2025-11-22T20:23:44.7345855-05:00" endTime="2025-11-22T20:23:44.7345856-05:00" testType="13cdc9d9-ddb5-4fa4-a97d-d965ccfc6d4b" outcome="Failed" testListId="8c84fa94-04c1-424b-9868-57a2d4851a1d" relativeResultsDirectory="fdc38312-20aa-4c06-8c34-8b494c953f92">
      <Output>
        <ErrorInfo>
          <Message>Assert.IsType() Failure: Value is not the exact type
Expected: typeof(Microsoft.AspNetCore.Mvc.ObjectResult)
Actual:   typeof(Microsoft.AspNetCore.Mvc.ActionResult&lt;ApiResponse&lt;bool&gt;&gt;)</Message>
          <StackTrace>   at ConsignmentGenie.Tests.Controllers.CartControllerTests.ClearCart_ServiceFails_ReturnsInternalServerError() in /mnt/c/Projects/ConsignmentGenie/ConsignmentGenie_API/ConsignmentGenie.Tests/Controllers/CartControllerTests.cs:line 276
--- End of stack trace from previous location ---</StackTrace>
        </ErrorInfo>
      </Output>
    </UnitTestResult>
    <UnitTestResult executionId="51ed8f4b-4aca-4036-ba83-852e643ace98" testId="927aeed7-004e-9d4c-6fbe-fba54ddb9abc" testName="ConsignmentGenie.Tests.Services.ReportsServiceTests.GetSalesReportAsync_WithNonExistentOrganization_ReturnsEmptyData" computerName="DESKTOP-JDL654V" duration="00:00:00.0050780" startTime="2025-11-22T20:23:53.2908788-05:00" endTime="2025-11-22T20:23:53.2908791-05:00" testType="13cdc9d9-ddb5-4fa4-a97d-d965ccfc6d4b" outcome="Passed" testListId="8c84fa94-04c1-424b-9868-57a2d4851a1d" relativeResultsDirectory="51ed8f4b-4aca-4036-ba83-852e643ace98" />
    <UnitTestResult executionId="29fd5105-55e3-4070-b4c9-3ed175eba7e0" testId="c4c67daa-2ce5-2af0-f16f-426d44ea720c" testName="ConsignmentGenie.Tests.Services.SlugServiceTests.GenerateUniqueOrganizationSlugAsync_WithUniqueSlug_ReturnsOriginalSlug" computerName="DESKTOP-JDL654V" duration="00:00:00.0032778" startTime="2025-11-22T20:23:48.9709316-05:00" endTime="2025-11-22T20:23:48.9709318-05:00" testType="13cdc9d9-ddb5-4fa4-a97d-d965ccfc6d4b" outcome="Passed" testListId="8c84fa94-04c1-424b-9868-57a2d4851a1d" relativeResultsDirectory="29fd5105-55e3-4070-b4c9-3ed175eba7e0" />
    <UnitTestResult executionId="40c9bf49-9166-469b-b2c9-4aec99b38c34" testId="9600baa0-118d-8c7e-e0f7-85be8ead4abd" testName="ConsignmentGenie.Tests.Controllers.AdminControllerTests.RejectOwner_WithValidData_RejectsSuccessfully" computerName="DESKTOP-JDL654V" duration="00:00:00.0073875" startTime="2025-11-22T20:23:49.0056554-05:00" endTime="2025-11-22T20:23:49.0056556-05:00" testType="13cdc9d9-ddb5-4fa4-a97d-d965ccfc6d4b" outcome="Failed" testListId="8c84fa94-04c1-424b-9868-57a2d4851a1d" relativeResultsDirectory="40c9bf49-9166-469b-b2c9-4aec99b38c34">
      <Output>
        <ErrorInfo>
          <Message>Assert.IsType() Failure: Value is not the exact type
Expected: typeof(Microsoft.AspNetCore.Mvc.OkResult)
Actual:   typeof(Microsoft.AspNetCore.Mvc.OkObjectResult)</Message>
          <StackTrace>   at ConsignmentGenie.Tests.Controllers.AdminControllerTests.RejectOwner_WithValidData_RejectsSuccessfully() in /mnt/c/Projects/ConsignmentGenie/ConsignmentGenie_API/ConsignmentGenie.Tests/Controllers/AdminControllerTests.cs:line 273
--- End of stack trace from previous location ---</StackTrace>
        </ErrorInfo>
      </Output>
    </UnitTestResult>
    <UnitTestResult executionId="c702cf2e-dda0-4bcf-b408-868c2e2d5691" testId="357b4bb1-a2f8-25a5-676c-01399f4a1e64" testName="ConsignmentGenie.Tests.Services.CartServiceTests.AddItemToCartAsync_ItemNotAvailable_ThrowsInvalidOperationException" computerName="DESKTOP-JDL654V" duration="00:00:00.0060021" startTime="2025-11-22T20:23:49.3324526-05:00" endTime="2025-11-22T20:23:49.3324530-05:00" testType="13cdc9d9-ddb5-4fa4-a97d-d965ccfc6d4b" outcome="Passed" testListId="8c84fa94-04c1-424b-9868-57a2d4851a1d" relativeResultsDirectory="c702cf2e-dda0-4bcf-b408-868c2e2d5691" />
    <UnitTestResult executionId="21084de3-4179-4ed0-bb08-14915f33670b" testId="03f0988b-b4b9-906a-b223-55844a718ddd" testName="ConsignmentGenie.Tests.Controllers.ProviderStatementsControllerTests.GetStatementByPeriod_WithInvalidMonth_ReturnsBadRequest" computerName="DESKTOP-JDL654V" duration="00:00:00.0209192" startTime="2025-11-22T20:23:44.7317763-05:00" endTime="2025-11-22T20:23:44.7317764-05:00" testType="13cdc9d9-ddb5-4fa4-a97d-d965ccfc6d4b" outcome="Passed" testListId="8c84fa94-04c1-424b-9868-57a2d4851a1d" relativeResultsDirectory="21084de3-4179-4ed0-bb08-14915f33670b" />
    <UnitTestResult executionId="63dd3a23-64d6-410a-bff0-78e584ccceea" testId="ea8dc048-b7d7-7cff-fac3-af91b5b58e65" testName="ConsignmentGenie.Tests.Services.SlugServiceTests.GenerateUniqueOrganizationSlugAsync_WithExcludedOrganization_IgnoresExcludedId" computerName="DESKTOP-JDL654V" duration="00:00:00.0222077" startTime="2025-11-22T20:23:48.9613819-05:00" endTime="2025-11-22T20:23:48.9613821-05:00" testType="13cdc9d9-ddb5-4fa4-a97d-d965ccfc6d4b" outcome="Passed" testListId="8c84fa94-04c1-424b-9868-57a2d4851a1d" relativeResultsDirectory="63dd3a23-64d6-410a-bff0-78e584ccceea" />
    <UnitTestResult executionId="4703c9d2-f89d-43f9-906f-2e4081060320" testId="5ffb9cad-e9f2-80de-e98c-a7f091bcefae" testName="ConsignmentGenie.Tests.Services.StripeServiceTests.ValidateFounderEligibilityAsync_FiftyFounders_ReturnsNotEligible" computerName="DESKTOP-JDL654V" duration="00:00:00.0458260" startTime="2025-11-22T20:23:48.9975150-05:00" endTime="2025-11-22T20:23:48.9975151-05:00" testType="13cdc9d9-ddb5-4fa4-a97d-d965ccfc6d4b" outcome="Passed" testListId="8c84fa94-04c1-424b-9868-57a2d4851a1d" relativeResultsDirectory="4703c9d2-f89d-43f9-906f-2e4081060320" />
    <UnitTestResult executionId="51cf8b54-6179-46a8-ac8e-7dac8b754ad6" testId="b9ccc76b-613a-7858-0358-34b9469d1290" testName="ConsignmentGenie.Tests.Controllers.DashboardControllerTests.GetOrganizationSettings_ReturnsCorrectSettings" computerName="DESKTOP-JDL654V" duration="00:00:00.0132282" startTime="2025-11-22T20:23:49.0869155-05:00" endTime="2025-11-22T20:23:49.0869157-05:00" testType="13cdc9d9-ddb5-4fa4-a97d-d965ccfc6d4b" outcome="Failed" testListId="8c84fa94-04c1-424b-9868-57a2d4851a1d" relativeResultsDirectory="51cf8b54-6179-46a8-ac8e-7dac8b754ad6">
      <Output>
        <ErrorInfo>
          <Message>Microsoft.CSharp.RuntimeBinder.RuntimeBinderException : 'object' does not contain a definition for 'success'</Message>
          <StackTrace>   at CallSite.Target(Closure, CallSite, Object)
   at System.Dynamic.UpdateDelegates.UpdateAndExecute1[T0,TRet](CallSite site, T0 arg0)
   at ConsignmentGenie.Tests.Controllers.DashboardControllerTests.GetOrganizationSettings_ReturnsCorrectSettings() in /mnt/c/Projects/ConsignmentGenie/ConsignmentGenie_API/ConsignmentGenie.Tests/Controllers/DashboardControllerTests.cs:line 69
--- End of stack trace from previous location ---</StackTrace>
        </ErrorInfo>
      </Output>
    </UnitTestResult>
    <UnitTestResult executionId="5793d10f-c72c-4942-9e94-2ac7bcfabf06" testId="53de76ca-db18-9202-51af-4dc5584dbdd9" testName="ConsignmentGenie.Tests.Services.AnonymousSessionTests.AnonymousCart_ClearCart_RemovesAllItems" computerName="DESKTOP-JDL654V" duration="00:00:00.0222323" startTime="2025-11-22T20:23:49.3268344-05:00" endTime="2025-11-22T20:23:49.3268347-05:00" testType="13cdc9d9-ddb5-4fa4-a97d-d965ccfc6d4b" outcome="Passed" testListId="8c84fa94-04c1-424b-9868-57a2d4851a1d" relativeResultsDirectory="5793d10f-c72c-4942-9e94-2ac7bcfabf06" />
    <UnitTestResult executionId="b5099ecb-3754-4595-99f0-7ec70abeb24d" testId="4f97e0cc-b090-13d6-0c02-4ada4a2bd433" testName="ConsignmentGenie.Tests.Services.StripePaymentServiceTests.ConfirmPaymentIntentAsync_LogsErrorWhenNoKey" computerName="DESKTOP-JDL654V" duration="00:00:00.0034554" startTime="2025-11-22T20:23:45.5564825-05:00" endTime="2025-11-22T20:23:45.5564826-05:00" testType="13cdc9d9-ddb5-4fa4-a97d-d965ccfc6d4b" outcome="Passed" testListId="8c84fa94-04c1-424b-9868-57a2d4851a1d" relativeResultsDirectory="b5099ecb-3754-4595-99f0-7ec70abeb24d" />
    <UnitTestResult executionId="4ad428bd-c0ca-4b30-ac8b-0392ace06e7c" testId="6f06728d-7ea8-2b9b-4f46-d4ab9d2320f4" testName="ConsignmentGenie.Tests.Services.ReportsServiceTests.GetDailyReconciliationReportAsync_ReturnsCorrectData" computerName="DESKTOP-JDL654V" duration="00:00:00.0848822" startTime="2025-11-22T20:23:53.2781404-05:00" endTime="2025-11-22T20:23:53.2781406-05:00" testType="13cdc9d9-ddb5-4fa4-a97d-d965ccfc6d4b" outcome="Passed" testListId="8c84fa94-04c1-424b-9868-57a2d4851a1d" relativeResultsDirectory="4ad428bd-c0ca-4b30-ac8b-0392ace06e7c" />
    <UnitTestResult executionId="d99be734-3275-46d7-b69d-404d42980f39" testId="b1131e42-58c2-4a17-0329-45eebb7e0c2b" testName="ConsignmentGenie.Tests.Services.SeedingTests.SeedData_Creates4Users" computerName="DESKTOP-JDL654V" duration="00:00:00.0071108" startTime="2025-11-22T20:23:51.3984517-05:00" endTime="2025-11-22T20:23:51.3984518-05:00" testType="13cdc9d9-ddb5-4fa4-a97d-d965ccfc6d4b" outcome="Passed" testListId="8c84fa94-04c1-424b-9868-57a2d4851a1d" relativeResultsDirectory="d99be734-3275-46d7-b69d-404d42980f39" />
    <UnitTestResult executionId="df8f070f-2700-4e9d-9762-0b1856eaa3e9" testId="a46331bf-a41a-1676-fcfc-1c220701ea7f" testName="ConsignmentGenie.Tests.Controllers.ProviderStatementsControllerTests.GetStatement_WithNonExistentId_ReturnsNotFound" computerName="DESKTOP-JDL654V" duration="00:00:00.0037564" startTime="2025-11-22T20:23:44.8785274-05:00" endTime="2025-11-22T20:23:44.8785275-05:00" testType="13cdc9d9-ddb5-4fa4-a97d-d965ccfc6d4b" outcome="Passed" testListId="8c84fa94-04c1-424b-9868-57a2d4851a1d" relativeResultsDirectory="df8f070f-2700-4e9d-9762-0b1856eaa3e9" />
    <UnitTestResult executionId="10907666-9540-4fb5-b564-8b927cce1158" testId="b9b5379a-88b4-6785-d872-4f1f0f1b039d" testName="ConsignmentGenie.Tests.Services.ShopperAuthServiceTests.CreateGuestSessionAsync_WithValidRequest_ReturnsGuestSession" computerName="DESKTOP-JDL654V" duration="00:00:00.0442884" startTime="2025-11-22T20:23:55.0175062-05:00" endTime="2025-11-22T20:23:55.0175064-05:00" testType="13cdc9d9-ddb5-4fa4-a97d-d965ccfc6d4b" outcome="Passed" testListId="8c84fa94-04c1-424b-9868-57a2d4851a1d" relativeResultsDirectory="10907666-9540-4fb5-b564-8b927cce1158" />
    <UnitTestResult executionId="3cfe8753-afa7-4cb4-9352-5127befcc54e" testId="15a4e410-22a4-e2bb-369c-32e349d600d9" testName="ConsignmentGenie.Tests.Controllers.ProviderNotificationsControllerTests.GetNotifications_WithValidRequest_ReturnsOkResult" computerName="DESKTOP-JDL654V" duration="00:00:00.0144056" startTime="2025-11-22T20:23:44.7269472-05:00" endTime="2025-11-22T20:23:44.7269474-05:00" testType="13cdc9d9-ddb5-4fa4-a97d-d965ccfc6d4b" outcome="Passed" testListId="8c84fa94-04c1-424b-9868-57a2d4851a1d" relativeResultsDirectory="3cfe8753-afa7-4cb4-9352-5127befcc54e" />
    <UnitTestResult executionId="41c5cd5e-4ef9-4ec0-84b5-c7ae9cbfc7bb" testId="7e9c9c20-3656-e8dc-f83c-e118504c0b7a" testName="ConsignmentGenie.Tests.Services.EmailServiceTests.SendPaymentFailedEmailAsync_ValidInput_ReturnsTrue" computerName="DESKTOP-JDL654V" duration="00:00:00.0028252" startTime="2025-11-22T20:23:44.7187856-05:00" endTime="2025-11-22T20:23:44.7187857-05:00" testType="13cdc9d9-ddb5-4fa4-a97d-d965ccfc6d4b" outcome="Failed" testListId="8c84fa94-04c1-424b-9868-57a2d4851a1d" relativeResultsDirectory="41c5cd5e-4ef9-4ec0-84b5-c7ae9cbfc7bb">
      <Output>
        <ErrorInfo>
          <Message>System.NotSupportedException : Unsupported expression: r =&gt; r.IsSuccessStatusCode&#xD;
Non-overridable members (here: Response.get_IsSuccessStatusCode) may not be used in setup / verification expressions.</Message>
          <StackTrace>   at Moq.Guard.IsOverridable(MethodInfo method, Expression expression) in /_/src/Moq/Guard.cs:line 99
   at Moq.MethodExpectation..ctor(LambdaExpression expression, MethodInfo method, IReadOnlyList`1 arguments, Boolean exactGenericTypeArguments, Boolean skipMatcherInitialization, Boolean allowNonOverridable) in /_/src/Moq/MethodExpectation.cs:line 236
   at Moq.ExpressionExtensions.&lt;Split&gt;g__Split|5_0(Expression e, Expression&amp; r, MethodExpectation&amp; p, Boolean assignment, Boolean allowNonOverridableLastProperty) in /_/src/Moq/ExpressionExtensions.cs:line 347
   at Moq.ExpressionExtensions.Split(LambdaExpression expression, Boolean allowNonOverridableLastProperty) in /_/src/Moq/ExpressionExtensions.cs:line 170
   at Moq.Mock.SetupRecursive[TSetup](Mock mock, LambdaExpression expression, Func`4 setupLast, Boolean allowNonOverridableLastProperty) in /_/src/Moq/Mock.cs:line 728
   at Moq.Mock.Setup(Mock mock, LambdaExpression expression, Condition condition) in /_/src/Moq/Mock.cs:line 562
   at Moq.Mock`1.Setup[TResult](Expression`1 expression) in /_/src/Moq/Mock`1.cs:line 645
   at ConsignmentGenie.Tests.Services.EmailServiceTests.SendPaymentFailedEmailAsync_ValidInput_ReturnsTrue() in /mnt/c/Projects/ConsignmentGenie/ConsignmentGenie_API/ConsignmentGenie.Tests/Services/EmailServiceTests.cs:line 79
--- End of stack trace from previous location ---</StackTrace>
        </ErrorInfo>
      </Output>
    </UnitTestResult>
    <UnitTestResult executionId="de988bf6-5cbf-4430-b839-3e2080e870e1" testId="96e502a7-25f8-5c2f-a529-143e1b538f45" testName="ConsignmentGenie.Tests.Services.StoreCodeServiceTests.GetStoreCodeAsync_WithValidOrganization_ReturnsStoreCode" computerName="DESKTOP-JDL654V" duration="00:00:00.0042495" startTime="2025-11-22T20:23:49.0550582-05:00" endTime="2025-11-22T20:23:49.0550586-05:00" testType="13cdc9d9-ddb5-4fa4-a97d-d965ccfc6d4b" outcome="Passed" testListId="8c84fa94-04c1-424b-9868-57a2d4851a1d" relativeResultsDirectory="de988bf6-5cbf-4430-b839-3e2080e870e1" />
    <UnitTestResult executionId="f0e266cb-fd22-4182-a90a-a4abfd25bee3" testId="8c304659-0abc-e76a-ee2c-0bafe7129f24" testName="ConsignmentGenie.Tests.Services.StatementServiceTests.GetStatementAsync_WithWrongProviderId_ReturnsNull" computerName="DESKTOP-JDL654V" duration="00:00:00.0062703" startTime="2025-11-22T20:23:49.8253823-05:00" endTime="2025-11-22T20:23:49.8253825-05:00" testType="13cdc9d9-ddb5-4fa4-a97d-d965ccfc6d4b" outcome="Passed" testListId="8c84fa94-04c1-424b-9868-57a2d4851a1d" relativeResultsDirectory="f0e266cb-fd22-4182-a90a-a4abfd25bee3" />
    <UnitTestResult executionId="4b59dd64-f481-43d4-9e66-34c3b80a4f6b" testId="d79f8188-de65-bada-2b40-dd11184cb395" testName="ConsignmentGenie.Tests.Attributes.RequiresTierAttributeTests.OnAuthorization_ExpiredSubscription_DeniesAccess" computerName="DESKTOP-JDL654V" duration="00:00:00.0038672" startTime="2025-11-22T20:23:48.9662434-05:00" endTime="2025-11-22T20:23:48.9662436-05:00" testType="13cdc9d9-ddb5-4fa4-a97d-d965ccfc6d4b" outcome="Passed" testListId="8c84fa94-04c1-424b-9868-57a2d4851a1d" relativeResultsDirectory="4b59dd64-f481-43d4-9e66-34c3b80a4f6b" />
    <UnitTestResult executionId="9d3830a3-b7d8-4623-8e94-e36e66376f62" testId="45069932-1404-7410-074b-8860250a21c7" testName="ConsignmentGenie.Tests.Services.OrderServiceTests.GetOrderAsync_NonExistentOrder_ReturnsNull" computerName="DESKTOP-JDL654V" duration="00:00:00.1069487" startTime="2025-11-22T20:23:49.1244841-05:00" endTime="2025-11-22T20:23:49.1244842-05:00" testType="13cdc9d9-ddb5-4fa4-a97d-d965ccfc6d4b" outcome="Passed" testListId="8c84fa94-04c1-424b-9868-57a2d4851a1d" relativeResultsDirectory="9d3830a3-b7d8-4623-8e94-e36e66376f62" />
    <UnitTestResult executionId="390d25a9-7d8c-4220-b45f-0fe92cd4aa43" testId="bda548db-3ca0-413e-ef48-46310f5dff23" testName="ConsignmentGenie.Tests.Services.ProviderNotificationServiceTests.GetUnreadCountAsync_WithUnreadNotifications_ReturnsCorrectCount" computerName="DESKTOP-JDL654V" duration="00:00:00.0145762" startTime="2025-11-22T20:23:49.4935624-05:00" endTime="2025-11-22T20:23:49.4935627-05:00" testType="13cdc9d9-ddb5-4fa4-a97d-d965ccfc6d4b" outcome="Passed" testListId="8c84fa94-04c1-424b-9868-57a2d4851a1d" relativeResultsDirectory="390d25a9-7d8c-4220-b45f-0fe92cd4aa43" />
    <UnitTestResult executionId="f9b00a56-9831-4825-b627-b8061f58706b" testId="ffacf6e0-8ba5-05ef-595b-2683e55c1b6a" testName="ConsignmentGenie.Tests.Services.SlugServiceTests.GenerateSlug_WithMultipleSpaces_ReplacesWithSingleHyphen" computerName="DESKTOP-JDL654V" duration="00:00:00.0007706" startTime="2025-11-22T20:23:48.9816358-05:00" endTime="2025-11-22T20:23:48.9816360-05:00" testType="13cdc9d9-ddb5-4fa4-a97d-d965ccfc6d4b" outcome="Passed" testListId="8c84fa94-04c1-424b-9868-57a2d4851a1d" relativeResultsDirectory="f9b00a56-9831-4825-b627-b8061f58706b" />
    <UnitTestResult executionId="9c088270-e1d8-4a8b-a6a1-406e69c68932" testId="27018fe3-cea5-3528-4e03-3a50ac11c421" testName="ConsignmentGenie.Tests.Services.StoreCodeServiceTests.RegenerateStoreCodeAsync_GeneratesNewCode" computerName="DESKTOP-JDL654V" duration="00:00:00.0109897" startTime="2025-11-22T20:23:49.0438497-05:00" endTime="2025-11-22T20:23:49.0438500-05:00" testType="13cdc9d9-ddb5-4fa4-a97d-d965ccfc6d4b" outcome="Passed" testListId="8c84fa94-04c1-424b-9868-57a2d4851a1d" relativeResultsDirectory="9c088270-e1d8-4a8b-a6a1-406e69c68932" />
    <UnitTestResult executionId="4951008e-869b-4c44-89d3-9ce28517d151" testId="6fbf02b9-090a-c6d9-b547-8c4b420d8fd4" testName="ConsignmentGenie.Tests.Services.StoreServiceTests.GetItemsAsync_CategoryFilter_ReturnsFilteredItems" computerName="DESKTOP-JDL654V" duration="00:00:00.1589066" startTime="2025-11-22T20:23:49.2153050-05:00" endTime="2025-11-22T20:23:49.2153053-05:00" testType="13cdc9d9-ddb5-4fa4-a97d-d965ccfc6d4b" outcome="Passed" testListId="8c84fa94-04c1-424b-9868-57a2d4851a1d" relativeResultsDirectory="4951008e-869b-4c44-89d3-9ce28517d151" />
    <UnitTestResult executionId="e5f2b9d7-c337-4eb3-aed8-7737b93ee628" testId="b8e107e3-67fa-f3c4-e337-68fba2f44df1" testName="ConsignmentGenie.Tests.Controllers.ShopControllerTests.ToggleStoreCode_WithNonExistentOrganization_ReturnsNotFound" computerName="DESKTOP-JDL654V" duration="00:00:00.2123043" startTime="2025-11-22T20:23:44.6582995-05:00" endTime="2025-11-22T20:23:44.6582996-05:00" testType="13cdc9d9-ddb5-4fa4-a97d-d965ccfc6d4b" outcome="Passed" testListId="8c84fa94-04c1-424b-9868-57a2d4851a1d" relativeResultsDirectory="e5f2b9d7-c337-4eb3-aed8-7737b93ee628" />
    <UnitTestResult executionId="7ebaac74-8fdf-4ebd-9bd6-94a337905ed9" testId="6aff52f3-aea8-605f-9c19-0b462f204098" testName="ConsignmentGenie.Tests.Services.ProviderNotificationServiceTests.GetNotificationsAsync_WithValidUserId_ReturnsPagedResults" computerName="DESKTOP-JDL654V" duration="00:00:00.0527167" startTime="2025-11-22T20:23:49.4787774-05:00" endTime="2025-11-22T20:23:49.4787777-05:00" testType="13cdc9d9-ddb5-4fa4-a97d-d965ccfc6d4b" outcome="Passed" testListId="8c84fa94-04c1-424b-9868-57a2d4851a1d" relativeResultsDirectory="7ebaac74-8fdf-4ebd-9bd6-94a337905ed9" />
    <UnitTestResult executionId="e33ae96f-fb53-4695-b0f9-54579eeb5ecb" testId="8bf3107f-e478-e3b0-705c-c8daf22d9c8d" testName="ConsignmentGenie.Tests.Controllers.RegistrationControllerTests.RegisterOwner_WithValidRequest_ReturnsSuccessResult" computerName="DESKTOP-JDL654V" duration="00:00:00.0061239" startTime="2025-11-22T20:23:44.7160969-05:00" endTime="2025-11-22T20:23:44.7160970-05:00" testType="13cdc9d9-ddb5-4fa4-a97d-d965ccfc6d4b" outcome="Passed" testListId="8c84fa94-04c1-424b-9868-57a2d4851a1d" relativeResultsDirectory="e33ae96f-fb53-4695-b0f9-54579eeb5ecb" />
    <UnitTestResult executionId="3d2502ec-42d3-4de1-95b0-698be276f1ea" testId="036c69e6-7d09-a769-351e-abe7f7c84532" testName="ConsignmentGenie.Tests.Controllers.ProviderStatementsControllerTests.GetStatements_WhenServiceThrows_ReturnsInternalServerError" computerName="DESKTOP-JDL654V" duration="00:00:00.0032412" startTime="2025-11-22T20:23:44.8680177-05:00" endTime="2025-11-22T20:23:44.8680178-05:00" testType="13cdc9d9-ddb5-4fa4-a97d-d965ccfc6d4b" outcome="Passed" testListId="8c84fa94-04c1-424b-9868-57a2d4851a1d" relativeResultsDirectory="3d2502ec-42d3-4de1-95b0-698be276f1ea" />
    <UnitTestResult executionId="e9ef94b9-abfa-4790-ac8c-9c50e4cb421f" testId="60a20455-291b-be64-da85-c73a17a13572" testName="ConsignmentGenie.Tests.Services.StripeServiceTests.ValidateFounderEligibilityAsync_ThirtyFounders_ReturnsTier3Eligibility" computerName="DESKTOP-JDL654V" duration="00:00:04.4771941" startTime="2025-11-22T20:23:48.9086959-05:00" endTime="2025-11-22T20:23:48.9086961-05:00" testType="13cdc9d9-ddb5-4fa4-a97d-d965ccfc6d4b" outcome="Passed" testListId="8c84fa94-04c1-424b-9868-57a2d4851a1d" relativeResultsDirectory="e9ef94b9-abfa-4790-ac8c-9c50e4cb421f" />
    <UnitTestResult executionId="11cad3cd-fa99-4ebb-af21-865ffbdedb61" testId="ba78d015-a0f9-d9b8-c6ca-c61a23b6733a" testName="ConsignmentGenie.Tests.Services.StoreCodeServiceTests.GenerateStoreCode_GeneratesValidCode" computerName="DESKTOP-JDL654V" duration="00:00:00.0340144" startTime="2025-11-22T20:23:48.9915189-05:00" endTime="2025-11-22T20:23:48.9915192-05:00" testType="13cdc9d9-ddb5-4fa4-a97d-d965ccfc6d4b" outcome="Passed" testListId="8c84fa94-04c1-424b-9868-57a2d4851a1d" relativeResultsDirectory="11cad3cd-fa99-4ebb-af21-865ffbdedb61" />
    <UnitTestResult executionId="d27028ef-7343-4f00-b9e6-560f184bb6c9" testId="4c7c8a80-1017-4575-6cba-470361aacce1" testName="ConsignmentGenie.Tests.Controllers.CheckoutControllerTests.ValidateCheckout_ServiceThrowsException_ReturnsInternalServerError" computerName="DESKTOP-JDL654V" duration="00:00:00.0058205" startTime="2025-11-22T20:23:44.7419483-05:00" endTime="2025-11-22T20:23:44.7419484-05:00" testType="13cdc9d9-ddb5-4fa4-a97d-d965ccfc6d4b" outcome="Failed" testListId="8c84fa94-04c1-424b-9868-57a2d4851a1d" relativeResultsDirectory="d27028ef-7343-4f00-b9e6-560f184bb6c9">
      <Output>
        <ErrorInfo>
          <Message>Assert.IsType() Failure: Value is not the exact type
Expected: typeof(Microsoft.AspNetCore.Mvc.ObjectResult)
Actual:   typeof(Microsoft.AspNetCore.Mvc.ActionResult&lt;ApiResponse&lt;CheckoutValidationDto&gt;&gt;)</Message>
          <StackTrace>   at ConsignmentGenie.Tests.Controllers.CheckoutControllerTests.ValidateCheckout_ServiceThrowsException_ReturnsInternalServerError() in /mnt/c/Projects/ConsignmentGenie/ConsignmentGenie_API/ConsignmentGenie.Tests/Controllers/CheckoutControllerTests.cs:line 461
--- End of stack trace from previous location ---</StackTrace>
        </ErrorInfo>
      </Output>
    </UnitTestResult>
    <UnitTestResult executionId="c28e0802-a351-4106-a233-dcc629205020" testId="929cec20-be2e-9c19-77e2-e13e341e4650" testName="ConsignmentGenie.Tests.Services.CartServiceTests.ClearCartAsync_WithItems_ClearsCart" computerName="DESKTOP-JDL654V" duration="00:00:00.0281130" startTime="2025-11-22T20:23:49.3262257-05:00" endTime="2025-11-22T20:23:49.3262259-05:00" testType="13cdc9d9-ddb5-4fa4-a97d-d965ccfc6d4b" outcome="Passed" testListId="8c84fa94-04c1-424b-9868-57a2d4851a1d" relativeResultsDirectory="c28e0802-a351-4106-a233-dcc629205020" />
    <UnitTestResult executionId="bb3dcc2c-2d6a-4c41-bc3d-4233e438f207" testId="f8b36612-dd15-7a68-4c51-3f1404f12cdf" testName="ConsignmentGenie.Tests.Controllers.ProviderStatementsControllerTests.GetStatementPdfByPeriod_WithValidPeriod_ReturnsFile" computerName="DESKTOP-JDL654V" duration="00:00:00.0131208" startTime="2025-11-22T20:23:44.8656110-05:00" endTime="2025-11-22T20:23:44.8656111-05:00" testType="13cdc9d9-ddb5-4fa4-a97d-d965ccfc6d4b" outcome="Failed" testListId="8c84fa94-04c1-424b-9868-57a2d4851a1d" relativeResultsDirectory="bb3dcc2c-2d6a-4c41-bc3d-4233e438f207">
      <Output>
        <ErrorInfo>
          <Message>Assert.IsType() Failure: Value is not the exact type
Expected: typeof(Microsoft.AspNetCore.Mvc.FileResult)
Actual:   typeof(Microsoft.AspNetCore.Mvc.FileContentResult)</Message>
          <StackTrace>   at ConsignmentGenie.Tests.Controllers.ProviderStatementsControllerTests.GetStatementPdfByPeriod_WithValidPeriod_ReturnsFile() in /mnt/c/Projects/ConsignmentGenie/ConsignmentGenie_API/ConsignmentGenie.Tests/Controllers/ProviderStatementsControllerTests.cs:line 312
--- End of stack trace from previous location ---</StackTrace>
        </ErrorInfo>
      </Output>
    </UnitTestResult>
    <UnitTestResult executionId="86bda37f-73b7-4d2c-8280-87b870d33a6b" testId="bfefa026-595c-c6b9-dbf9-0a260962704d" testName="ConsignmentGenie.Tests.Controllers.ShopControllerTests.GetStoreCode_ReturnsStoreCodeDto" computerName="DESKTOP-JDL654V" duration="00:00:00.0056362" startTime="2025-11-22T20:23:44.7232217-05:00" endTime="2025-11-22T20:23:44.7232218-05:00" testType="13cdc9d9-ddb5-4fa4-a97d-d965ccfc6d4b" outcome="Passed" testListId="8c84fa94-04c1-424b-9868-57a2d4851a1d" relativeResultsDirectory="86bda37f-73b7-4d2c-8280-87b870d33a6b" />
    <UnitTestResult executionId="39a53078-7ee5-41cb-84a5-7e5a1dbab97d" testId="0d37c9ef-f449-4207-0dd7-861cfe17b6a2" testName="ConsignmentGenie.Tests.Services.OrderServiceTests.ProcessPaymentConfirmationAsync_ValidPaymentIntent_ReturnsTrue" computerName="DESKTOP-JDL654V" duration="00:00:00.0058538" startTime="2025-11-22T20:23:49.6217497-05:00" endTime="2025-11-22T20:23:49.6217500-05:00" testType="13cdc9d9-ddb5-4fa4-a97d-d965ccfc6d4b" outcome="Passed" testListId="8c84fa94-04c1-424b-9868-57a2d4851a1d" relativeResultsDirectory="39a53078-7ee5-41cb-84a5-7e5a1dbab97d" />
    <UnitTestResult executionId="8f753245-abce-42d8-8dd1-60b3a90a4866" testId="d40e78e6-3b40-8d6b-0785-2becae15fa63" testName="ConsignmentGenie.Tests.Controllers.ReportsControllerTests.GetInventoryOverview_WithValidRequest_ReturnsOkResult" computerName="DESKTOP-JDL654V" duration="00:00:00.0060521" startTime="2025-11-22T20:23:44.9608486-05:00" endTime="2025-11-22T20:23:44.9608488-05:00" testType="13cdc9d9-ddb5-4fa4-a97d-d965ccfc6d4b" outcome="Passed" testListId="8c84fa94-04c1-424b-9868-57a2d4851a1d" relativeResultsDirectory="8f753245-abce-42d8-8dd1-60b3a90a4866" />
    <UnitTestResult executionId="722ec79e-f841-49cb-ab96-78209b686aed" testId="71aa9066-7c36-2c03-19c1-a24c30217a42" testName="ConsignmentGenie.Tests.Services.StripePaymentServiceTests.CreatePaymentIntentAsync_WithValidKey_CallsStripeAPI" computerName="DESKTOP-JDL654V" duration="00:00:00.6353591" startTime="2025-11-22T20:23:45.5486071-05:00" endTime="2025-11-22T20:23:45.5486072-05:00" testType="13cdc9d9-ddb5-4fa4-a97d-d965ccfc6d4b" outcome="Passed" testListId="8c84fa94-04c1-424b-9868-57a2d4851a1d" relativeResultsDirectory="722ec79e-f841-49cb-ab96-78209b686aed" />
    <UnitTestResult executionId="0d8f474b-79e8-46f0-bc8c-116b452df795" testId="0f5400db-006e-850f-0332-6f310955e5f9" testName="ConsignmentGenie.Tests.Attributes.RequiresTierAttributeTests.OnAuthorization_ProTierRequiredWithBasicSubscription_DeniesAccess" computerName="DESKTOP-JDL654V" duration="00:00:03.9596102" startTime="2025-11-22T20:23:48.9502198-05:00" endTime="2025-11-22T20:23:48.9502199-05:00" testType="13cdc9d9-ddb5-4fa4-a97d-d965ccfc6d4b" outcome="Passed" testListId="8c84fa94-04c1-424b-9868-57a2d4851a1d" relativeResultsDirectory="0d8f474b-79e8-46f0-bc8c-116b452df795" />
    <UnitTestResult executionId="48314016-f872-4d0f-9743-6b9b14c14a31" testId="c905603f-61fb-9755-5af4-b7659cc27627" testName="ConsignmentGenie.Tests.Attributes.RequiresTierAttributeTests.OnAuthorization_TrialSubscription_AllowsAccess" computerName="DESKTOP-JDL654V" duration="00:00:00.0032220" startTime="2025-11-22T20:23:48.9772664-05:00" endTime="2025-11-22T20:23:48.9772668-05:00" testType="13cdc9d9-ddb5-4fa4-a97d-d965ccfc6d4b" outcome="Passed" testListId="8c84fa94-04c1-424b-9868-57a2d4851a1d" relativeResultsDirectory="48314016-f872-4d0f-9743-6b9b14c14a31" />
    <UnitTestResult executionId="d8b35264-3db5-4ee9-8b2f-83936a61ce66" testId="ad82daab-dfca-7795-6b7c-8acbb31534cd" testName="ConsignmentGenie.Tests.Services.SlugServiceTests.IsValidSlug_WithInvalidSlugs_ReturnsFalse(slug: &quot;shop--store&quot;, expected: False)" computerName="DESKTOP-JDL654V" duration="00:00:00.0002096" startTime="2025-11-22T20:23:44.8685048-05:00" endTime="2025-11-22T20:23:44.8685049-05:00" testType="13cdc9d9-ddb5-4fa4-a97d-d965ccfc6d4b" outcome="Passed" testListId="8c84fa94-04c1-424b-9868-57a2d4851a1d" relativeResultsDirectory="d8b35264-3db5-4ee9-8b2f-83936a61ce66" />
    <UnitTestResult executionId="4b26957e-fbfb-45a2-a4c1-b669fd2eea4f" testId="222d0a3f-e25d-022b-9ec9-618a10ce2ac0" testName="ConsignmentGenie.Tests.Services.SlugServiceTests.GenerateSlug_WithLeadingTrailingSpaces_TrimsSpaces" computerName="DESKTOP-JDL654V" duration="00:00:00.0019799" startTime="2025-11-22T20:23:44.8705895-05:00" endTime="2025-11-22T20:23:44.8705896-05:00" testType="13cdc9d9-ddb5-4fa4-a97d-d965ccfc6d4b" outcome="Passed" testListId="8c84fa94-04c1-424b-9868-57a2d4851a1d" relativeResultsDirectory="4b26957e-fbfb-45a2-a4c1-b669fd2eea4f" />
    <UnitTestResult executionId="d92615de-ee44-4d2b-9abd-3930df246c82" testId="4f8a05e1-04d2-bd29-2b0e-56fae97458b6" testName="ConsignmentGenie.Tests.Attributes.RequiresTierAttributeTests.OnAuthorization_InvalidOrganizationId_DeniesAccess" computerName="DESKTOP-JDL654V" duration="00:00:00.0046353" startTime="2025-11-22T20:23:48.9548492-05:00" endTime="2025-11-22T20:23:48.9548497-05:00" testType="13cdc9d9-ddb5-4fa4-a97d-d965ccfc6d4b" outcome="Passed" testListId="8c84fa94-04c1-424b-9868-57a2d4851a1d" relativeResultsDirectory="d92615de-ee44-4d2b-9abd-3930df246c82" />
    <UnitTestResult executionId="2f5b8f8a-5c00-48d4-8b4b-ae73c4281c1e" testId="01d5ce10-16f6-3d0b-3bfa-06fa730aaf74" testName="ConsignmentGenie.Tests.Controllers.CartControllerTests.ClearCart_ValidRequest_ReturnsSuccess" computerName="DESKTOP-JDL654V" duration="00:00:00.0068625" startTime="2025-11-22T20:23:44.8162344-05:00" endTime="2025-11-22T20:23:44.8162345-05:00" testType="13cdc9d9-ddb5-4fa4-a97d-d965ccfc6d4b" outcome="Failed" testListId="8c84fa94-04c1-424b-9868-57a2d4851a1d" relativeResultsDirectory="2f5b8f8a-5c00-48d4-8b4b-ae73c4281c1e">
      <Output>
        <ErrorInfo>
          <Message>Assert.IsType() Failure: Value is not the exact type
Expected: typeof(Microsoft.AspNetCore.Mvc.OkObjectResult)
Actual:   typeof(Microsoft.AspNetCore.Mvc.ActionResult&lt;ApiResponse&lt;bool&gt;&gt;)</Message>
          <StackTrace>   at ConsignmentGenie.Tests.Controllers.CartControllerTests.ClearCart_ValidRequest_ReturnsSuccess() in /mnt/c/Projects/ConsignmentGenie/ConsignmentGenie_API/ConsignmentGenie.Tests/Controllers/CartControllerTests.cs:line 255
--- End of stack trace from previous location ---</StackTrace>
        </ErrorInfo>
      </Output>
    </UnitTestResult>
    <UnitTestResult executionId="9a8ce38d-6a60-402a-964b-cf72081e0d30" testId="118f184a-6ad9-d506-f7fa-74a6fd9a50b9" testName="ConsignmentGenie.Tests.Controllers.RegistrationControllerTests.ValidateStoreCode_WithValidCode_ReturnsValidationResult" computerName="DESKTOP-JDL654V" duration="00:00:00.2069954" startTime="2025-11-22T20:23:44.6596225-05:00" endTime="2025-11-22T20:23:44.6596226-05:00" testType="13cdc9d9-ddb5-4fa4-a97d-d965ccfc6d4b" outcome="Passed" testListId="8c84fa94-04c1-424b-9868-57a2d4851a1d" relativeResultsDirectory="9a8ce38d-6a60-402a-964b-cf72081e0d30" />
    <UnitTestResult executionId="9d17485f-25a4-4bf3-8db1-584b3e803264" testId="78f437e1-74a6-5cec-3667-23c3e95e2395" testName="ConsignmentGenie.Tests.Services.SlugServiceTests.IsValidSlug_WithInvalidSlugs_ReturnsFalse(slug: &quot;shop@store&quot;, expected: False)" computerName="DESKTOP-JDL654V" duration="00:00:00.0001930" startTime="2025-11-22T20:23:44.8678516-05:00" endTime="2025-11-22T20:23:44.8678517-05:00" testType="13cdc9d9-ddb5-4fa4-a97d-d965ccfc6d4b" outcome="Passed" testListId="8c84fa94-04c1-424b-9868-57a2d4851a1d" relativeResultsDirectory="9d17485f-25a4-4bf3-8db1-584b3e803264" />
    <UnitTestResult executionId="42400af2-ddd8-48e5-a5c7-a629e9b287aa" testId="205c39d0-f95e-c996-5949-9da7a718c131" testName="ConsignmentGenie.Tests.Services.OrderServiceTests.UpdateOrderStatusAsync_InvalidStatus_ReturnsFalse" computerName="DESKTOP-JDL654V" duration="00:00:00.0154222" startTime="2025-11-22T20:23:49.6155765-05:00" endTime="2025-11-22T20:23:49.6155769-05:00" testType="13cdc9d9-ddb5-4fa4-a97d-d965ccfc6d4b" outcome="Passed" testListId="8c84fa94-04c1-424b-9868-57a2d4851a1d" relativeResultsDirectory="42400af2-ddd8-48e5-a5c7-a629e9b287aa" />
    <UnitTestResult executionId="cb9fbe8d-2e04-460d-9c71-6f72be492d44" testId="dc8673e1-fd5d-a1de-31e4-28b1f897988a" testName="ConsignmentGenie.Tests.Services.SlugServiceTests.GenerateSlug_WithVariousInputs_GeneratesExpectedSlugs(input: &quot;The #1 Shop&quot;, expected: &quot;the-1-shop&quot;)" computerName="DESKTOP-JDL654V" duration="00:00:00.0006088" startTime="2025-11-22T20:23:48.9397756-05:00" endTime="2025-11-22T20:23:48.9397758-05:00" testType="13cdc9d9-ddb5-4fa4-a97d-d965ccfc6d4b" outcome="Passed" testListId="8c84fa94-04c1-424b-9868-57a2d4851a1d" relativeResultsDirectory="cb9fbe8d-2e04-460d-9c71-6f72be492d44" />
    <UnitTestResult executionId="93bbad2b-279d-4c0a-839f-eec00b8f73fd" testId="36661052-433f-aed3-204f-d76be73850ba" testName="ConsignmentGenie.Tests.Services.SlugServiceTests.IsValidSlug_WithValidSlugs_ReturnsTrue(slug: &quot;shop&quot;, expected: True)" computerName="DESKTOP-JDL654V" duration="00:00:00.0007288" startTime="2025-11-22T20:23:48.9091314-05:00" endTime="2025-11-22T20:23:48.9091315-05:00" testType="13cdc9d9-ddb5-4fa4-a97d-d965ccfc6d4b" outcome="Passed" testListId="8c84fa94-04c1-424b-9868-57a2d4851a1d" relativeResultsDirectory="93bbad2b-279d-4c0a-839f-eec00b8f73fd" />
    <UnitTestResult executionId="6abecd5b-d432-47d8-bb8c-0d8b67438fde" testId="d0646c78-2047-993a-2c96-0494af5e3069" testName="ConsignmentGenie.Tests.Services.StoreServiceTests.GetItemsAsync_PriceFilter_ReturnsFilteredItems" computerName="DESKTOP-JDL654V" duration="00:00:00.0392857" startTime="2025-11-22T20:23:49.4522714-05:00" endTime="2025-11-22T20:23:49.4522715-05:00" testType="13cdc9d9-ddb5-4fa4-a97d-d965ccfc6d4b" outcome="Passed" testListId="8c84fa94-04c1-424b-9868-57a2d4851a1d" relativeResultsDirectory="6abecd5b-d432-47d8-bb8c-0d8b67438fde" />
    <UnitTestResult executionId="cb24850b-83cf-4290-8d39-678ba005c712" testId="32414564-0653-bdb4-50d7-ef5dfec70209" testName="ConsignmentGenie.Tests.Services.RegistrationServiceTests.RejectUserAsync_RejectsUserWithReason" computerName="DESKTOP-JDL654V" duration="00:00:00.6347012" startTime="2025-11-22T20:23:57.1543068-05:00" endTime="2025-11-22T20:23:57.1543073-05:00" testType="13cdc9d9-ddb5-4fa4-a97d-d965ccfc6d4b" outcome="Passed" testListId="8c84fa94-04c1-424b-9868-57a2d4851a1d" relativeResultsDirectory="cb24850b-83cf-4290-8d39-678ba005c712" />
    <UnitTestResult executionId="961a12c4-2416-4e1f-84a1-2b78d2023654" testId="618fab6f-899f-c334-e595-9112f172ed93" testName="ConsignmentGenie.Tests.Controllers.CheckoutControllerTests.GetOrder_ValidOrder_ReturnsOrder" computerName="DESKTOP-JDL654V" duration="00:00:00.0131902" startTime="2025-11-22T20:23:44.7719813-05:00" endTime="2025-11-22T20:23:44.7719814-05:00" testType="13cdc9d9-ddb5-4fa4-a97d-d965ccfc6d4b" outcome="Failed" testListId="8c84fa94-04c1-424b-9868-57a2d4851a1d" relativeResultsDirectory="961a12c4-2416-4e1f-84a1-2b78d2023654">
      <Output>
        <ErrorInfo>
          <Message>Assert.IsType() Failure: Value is not the exact type
Expected: typeof(Microsoft.AspNetCore.Mvc.OkObjectResult)
Actual:   typeof(Microsoft.AspNetCore.Mvc.ActionResult&lt;ApiResponse&lt;OrderDto&gt;&gt;)</Message>
          <StackTrace>   at ConsignmentGenie.Tests.Controllers.CheckoutControllerTests.GetOrder_ValidOrder_ReturnsOrder() in /mnt/c/Projects/ConsignmentGenie/ConsignmentGenie_API/ConsignmentGenie.Tests/Controllers/CheckoutControllerTests.cs:line 255
--- End of stack trace from previous location ---</StackTrace>
        </ErrorInfo>
      </Output>
    </UnitTestResult>
    <UnitTestResult executionId="ac4899a2-41f8-42bd-b1ba-fd3bf20afcf5" testId="adc81a60-189f-13ed-6d9b-78a6c111c23d" testName="ConsignmentGenie.Tests.Controllers.AdminControllerTests.RejectOwner_WithNonExistentUser_ReturnsNotFound" computerName="DESKTOP-JDL654V" duration="00:00:00.0079018" startTime="2025-11-22T20:23:48.9843186-05:00" endTime="2025-11-22T20:23:48.9843188-05:00" testType="13cdc9d9-ddb5-4fa4-a97d-d965ccfc6d4b" outcome="Failed" testListId="8c84fa94-04c1-424b-9868-57a2d4851a1d" relativeResultsDirectory="ac4899a2-41f8-42bd-b1ba-fd3bf20afcf5">
      <Output>
        <ErrorInfo>
          <Message>Assert.IsType() Failure: Value is not the exact type
Expected: typeof(Microsoft.AspNetCore.Mvc.NotFoundObjectResult)
Actual:   typeof(Microsoft.AspNetCore.Mvc.OkObjectResult)</Message>
          <StackTrace>   at ConsignmentGenie.Tests.Controllers.AdminControllerTests.RejectOwner_WithNonExistentUser_ReturnsNotFound() in /mnt/c/Projects/ConsignmentGenie/ConsignmentGenie_API/ConsignmentGenie.Tests/Controllers/AdminControllerTests.cs:line 311
--- End of stack trace from previous location ---</StackTrace>
        </ErrorInfo>
      </Output>
    </UnitTestResult>
[...]
      </RunInfo>
      <RunInfo computerName="DESKTOP-JDL654V" outcome="Error" timestamp="2025-11-22T20:23:44.7635499-05:00">
        <Text>[xUnit.net 00:00:00.85]     ConsignmentGenie.Tests.Controllers.CheckoutControllerTests.CreatePaymentIntent_InvalidEmail_ReturnsBadRequest(invalidEmail: null) [FAIL]</Text>
      </RunInfo>
      <RunInfo computerName="DESKTOP-JDL654V" outcome="Error" timestamp="2025-11-22T20:23:44.7636193-05:00">
        <Text>[xUnit.net 00:00:00.85]     ConsignmentGenie.Tests.Controllers.CheckoutControllerTests.CreatePaymentIntent_InvalidEmail_ReturnsBadRequest(invalidEmail: "   ") [FAIL]</Text>
      </RunInfo>
      <RunInfo computerName="DESKTOP-JDL654V" outcome="Error" timestamp="2025-11-22T20:23:44.7637100-05:00">
        <Text>[xUnit.net 00:00:00.85]     ConsignmentGenie.Tests.Controllers.CheckoutControllerTests.ValidateCheckout_ServiceThrowsException_ReturnsInternalServerError [FAIL]</Text>
      </RunInfo>
      <RunInfo computerName="DESKTOP-JDL654V" outcome="Error" timestamp="2025-11-22T20:23:44.7664002-05:00">
        <Text>[xUnit.net 00:00:00.86]     ConsignmentGenie.Tests.Controllers.CheckoutControllerTests.ConfirmPayment_ValidPaymentIntent_ReturnsSuccess [FAIL]</Text>
      </RunInfo>
      <RunInfo computerName="DESKTOP-JDL654V" outcome="Error" timestamp="2025-11-22T20:23:44.7666472-05:00">
        <Text>[xUnit.net 00:00:00.86]     ConsignmentGenie.Tests.Controllers.CheckoutControllerTests.ValidateCheckout_ValidCart_ReturnsValidationResult [FAIL]</Text>
      </RunInfo>
      <RunInfo computerName="DESKTOP-JDL654V" outcome="Error" timestamp="2025-11-22T20:23:44.7688163-05:00">
        <Text>[xUnit.net 00:00:00.87]     ConsignmentGenie.Tests.Controllers.CartControllerTests.GetCart_InvalidSlug_CallsServiceWithSlug(invalidSlug: null) [FAIL]</Text>
      </RunInfo>
      <RunInfo computerName="DESKTOP-JDL654V" outcome="Error" timestamp="2025-11-22T20:23:44.7689946-05:00">
        <Text>[xUnit.net 00:00:00.87]     ConsignmentGenie.Tests.Controllers.CartControllerTests.GetCart_InvalidSlug_CallsServiceWithSlug(invalidSlug: "") [FAIL]</Text>
      </RunInfo>
      <RunInfo computerName="DESKTOP-JDL654V" outcome="Error" timestamp="2025-11-22T20:23:44.7690820-05:00">
        <Text>[xUnit.net 00:00:00.87]     ConsignmentGenie.Tests.Controllers.CartControllerTests.GetCart_InvalidSlug_CallsServiceWithSlug(invalidSlug: "   ") [FAIL]</Text>
      </RunInfo>
      <RunInfo computerName="DESKTOP-JDL654V" outcome="Error" timestamp="2025-11-22T20:23:44.7691490-05:00">
        <Text>[xUnit.net 00:00:00.87]     ConsignmentGenie.Tests.Controllers.PublicStoreControllerTests.GetItems_ValidRequest_ReturnsItems [FAIL]</Text>
      </RunInfo>
      <RunInfo computerName="DESKTOP-JDL654V" outcome="Error" timestamp="2025-11-22T20:23:44.7692305-05:00">
        <Text>[xUnit.net 00:00:00.87]     ConsignmentGenie.Tests.Controllers.CheckoutControllerTests.CreatePaymentIntent_InvalidCart_ReturnsBadRequest [FAIL]</Text>
      </RunInfo>
      <RunInfo computerName="DESKTOP-JDL654V" outcome="Error" timestamp="2025-11-22T20:23:44.7693792-05:00">
        <Text>[xUnit.net 00:00:00.87]     ConsignmentGenie.Tests.Controllers.CartControllerTests.GetCart_WithSessionId_ReturnsCart [FAIL]</Text>
      </RunInfo>
      <RunInfo computerName="DESKTOP-JDL654V" outcome="Error" timestamp="2025-11-22T20:23:44.7697340-05:00">
        <Text>[xUnit.net 00:00:00.88]     ConsignmentGenie.Tests.Controllers.PublicStoreControllerTests.GetItemDetail_ServiceThrowsException_ReturnsInternalServerError [FAIL]</Text>
      </RunInfo>
      <RunInfo computerName="DESKTOP-JDL654V" outcome="Error" timestamp="2025-11-22T20:23:44.7723201-05:00">
        <Text>[xUnit.net 00:00:00.88]     ConsignmentGenie.Tests.Controllers.CartControllerTests.GetCart_ServiceThrowsException_ReturnsInternalServerError [FAIL]</Text>
      </RunInfo>
      <RunInfo computerName="DESKTOP-JDL654V" outcome="Error" timestamp="2025-11-22T20:23:44.7723960-05:00">
        <Text>[xUnit.net 00:00:00.88]     ConsignmentGenie.Tests.Controllers.CheckoutControllerTests.GetOrder_ValidOrder_ReturnsOrder [FAIL]</Text>
      </RunInfo>
      <RunInfo computerName="DESKTOP-JDL654V" outcome="Error" timestamp="2025-11-22T20:23:44.7727899-05:00">
        <Text>[xUnit.net 00:00:00.88]     ConsignmentGenie.Tests.Controllers.ProviderStatementsControllerTests.GetStatementPdf_WithValidStatement_ReturnsFile [FAIL]</Text>
      </RunInfo>
      <RunInfo computerName="DESKTOP-JDL654V" outcome="Error" timestamp="2025-11-22T20:23:44.7738570-05:00">
        <Text>[xUnit.net 00:00:00.89]     ConsignmentGenie.Tests.Controllers.PublicStoreControllerTests.GetCategories_StoreNotFound_ReturnsEmptyList [FAIL]</Text>
      </RunInfo>
      <RunInfo computerName="DESKTOP-JDL654V" outcome="Error" timestamp="2025-11-22T20:23:44.7991488-05:00">
        <Text>[xUnit.net 00:00:00.91]     ConsignmentGenie.Tests.Controllers.PublicStoreControllerTests.GetStoreInfo_InvalidSlug_ReturnsNotFound [FAIL]</Text>
      </RunInfo>
      <RunInfo computerName="DESKTOP-JDL654V" outcome="Error" timestamp="2025-11-22T20:23:44.8074453-05:00">
        <Text>[xUnit.net 00:00:00.92]     ConsignmentGenie.Tests.Controllers.CheckoutControllerTests.CompleteCheckout_WithShippingAddress_CreatesShippingOrder [FAIL]</Text>
      </RunInfo>
      <RunInfo computerName="DESKTOP-JDL654V" outcome="Error" timestamp="2025-11-22T20:23:44.8089661-05:00">
        <Text>[xUnit.net 00:00:00.92]     ConsignmentGenie.Tests.Controllers.CartControllerTests.AddItemToCart_ItemNotFound_ReturnsBadRequest [FAIL]</Text>
      </RunInfo>
      <RunInfo computerName="DESKTOP-JDL654V" outcome="Error" timestamp="2025-11-22T20:23:44.8105036-05:00">
        <Text>[xUnit.net 00:00:00.92]     ConsignmentGenie.Tests.Controllers.PublicStoreControllerTests.GetItemDetail_ValidItem_ReturnsItemDetail [FAIL]</Text>
      </RunInfo>
      <RunInfo computerName="DESKTOP-JDL654V" outcome="Error" timestamp="2025-11-22T20:23:44.8157770-05:00">
        <Text>[xUnit.net 00:00:00.93]     ConsignmentGenie.Tests.Controllers.CartControllerTests.ClearCart_ValidRequest_ReturnsSuccess [FAIL]</Text>
      </RunInfo>
      <RunInfo computerName="DESKTOP-JDL654V" outcome="Error" timestamp="2025-11-22T20:23:44.8169618-05:00">
        <Text>[xUnit.net 00:00:00.93]     ConsignmentGenie.Tests.Controllers.CheckoutControllerTests.CompleteCheckout_ShippingWithoutAddress_ReturnsBadRequest [FAIL]</Text>
      </RunInfo>
      <RunInfo computerName="DESKTOP-JDL654V" outcome="Error" timestamp="2025-11-22T20:23:44.8221856-05:00">
        <Text>[xUnit.net 00:00:00.93]     ConsignmentGenie.Tests.Controllers.CheckoutControllerTests.CreatePaymentIntent_ServiceThrowsException_ReturnsInternalServerError [FAIL]</Text>
      </RunInfo>
      <RunInfo computerName="DESKTOP-JDL654V" outcome="Error" timestamp="2025-11-22T20:23:44.8235811-05:00">
        <Text>[xUnit.net 00:00:00.94]     ConsignmentGenie.Tests.Controllers.CartControllerTests.AddItemToCart_ValidItem_ReturnsUpdatedCart [FAIL]</Text>
      </RunInfo>
      <RunInfo computerName="DESKTOP-JDL654V" outcome="Error" timestamp="2025-11-22T20:23:44.8284795-05:00">
        <Text>[xUnit.net 00:00:00.94]     ConsignmentGenie.Tests.Controllers.CheckoutControllerTests.CreatePaymentIntent_ValidRequest_ReturnsPaymentIntent [FAIL]</Text>
      </RunInfo>
      <RunInfo computerName="DESKTOP-JDL654V" outcome="Error" timestamp="2025-11-22T20:23:44.8298881-05:00">
        <Text>[xUnit.net 00:00:00.94]     ConsignmentGenie.Tests.Controllers.CartControllerTests.MergeCart_ValidRequest_ReturnsUpdatedCart [FAIL]</Text>
      </RunInfo>
      <RunInfo computerName="DESKTOP-JDL654V" outcome="Error" timestamp="2025-11-22T20:23:44.8344878-05:00">
        <Text>[xUnit.net 00:00:00.95]     ConsignmentGenie.Tests.Controllers.CheckoutControllerTests.GetOrder_OrderNotFound_ReturnsNotFound [FAIL]</Text>
      </RunInfo>
      <RunInfo computerName="DESKTOP-JDL654V" outcome="Error" timestamp="2025-11-22T20:23:44.8423666-05:00">
        <Text>[xUnit.net 00:00:00.95]     ConsignmentGenie.Tests.Controllers.CartControllerTests.AddItemToCart_ItemNotAvailable_ReturnsBadRequest [FAIL]</Text>
      </RunInfo>
      <RunInfo computerName="DESKTOP-JDL654V" outcome="Error" timestamp="2025-11-22T20:23:44.8426204-05:00">
        <Text>[xUnit.net 00:00:00.95]     ConsignmentGenie.Tests.Controllers.CartControllerTests.GetCart_WithoutSessionId_ReturnsEmptyCart [FAIL]</Text>
      </RunInfo>
      <RunInfo computerName="DESKTOP-JDL654V" outcome="Error" timestamp="2025-11-22T20:23:44.8432135-05:00">
        <Text>[xUnit.net 00:00:00.96]     ConsignmentGenie.Tests.Controllers.CheckoutControllerTests.CompleteCheckout_ValidRequest_ReturnsOrder [FAIL]</Text>
      </RunInfo>
      <RunInfo computerName="DESKTOP-JDL654V" outcome="Error" timestamp="2025-11-22T20:23:44.8483207-05:00">
        <Text>[xUnit.net 00:00:00.96]     ConsignmentGenie.Tests.Controllers.CartControllerTests.RemoveFromCart_ItemNotInCart_ReturnsCurrentCart [FAIL]</Text>
      </RunInfo>
      <RunInfo computerName="DESKTOP-JDL654V" outcome="Error" timestamp="2025-11-22T20:23:44.8502606-05:00">
        <Text>[xUnit.net 00:00:00.96]     ConsignmentGenie.Tests.Controllers.CartControllerTests.MergeCart_NoSessionId_ReturnsBadRequest [FAIL]</Text>
      </RunInfo>
      <RunInfo computerName="DESKTOP-JDL654V" outcome="Error" timestamp="2025-11-22T20:23:44.8587599-05:00">
        <Text>[xUnit.net 00:00:00.97]     ConsignmentGenie.Tests.Controllers.CartControllerTests.RemoveFromCart_ValidItem_ReturnsUpdatedCart [FAIL]</Text>
      </RunInfo>
      <RunInfo computerName="DESKTOP-JDL654V" outcome="Error" timestamp="2025-11-22T20:23:44.8643010-05:00">
        <Text>[xUnit.net 00:00:00.97]     ConsignmentGenie.Tests.Controllers.CartControllerTests.AddItemToCart_InvalidGuid_ReturnsBadRequest [FAIL]</Text>
      </RunInfo>
      <RunInfo computerName="DESKTOP-JDL654V" outcome="Error" timestamp="2025-11-22T20:23:44.8644607-05:00">
        <Text>[xUnit.net 00:00:00.98]     ConsignmentGenie.Tests.Controllers.CartControllerTests.RemoveFromCart_InvalidGuid_ReturnsBadRequest [FAIL]</Text>
      </RunInfo>
      <RunInfo computerName="DESKTOP-JDL654V" outcome="Error" timestamp="2025-11-22T20:23:44.8654673-05:00">
        <Text>[xUnit.net 00:00:00.98]     ConsignmentGenie.Tests.Controllers.ProviderStatementsControllerTests.GetStatementPdfByPeriod_WithValidPeriod_ReturnsFile [FAIL]</Text>
      </RunInfo>
      <RunInfo computerName="DESKTOP-JDL654V" outcome="Error" timestamp="2025-11-22T20:23:48.4105042-05:00">
        <Text>[xUnit.net 00:00:04.52]     ConsignmentGenie.Tests.Controllers.ProviderAutoApprovalTests.RegisterProvider_WithAutoApproveEnabled_SetsStatusToActive [FAIL]</Text>
      </RunInfo>
      <RunInfo computerName="DESKTOP-JDL654V" outcome="Error" timestamp="2025-11-22T20:23:48.5636151-05:00">
        <Text>[xUnit.net 00:00:04.68]     ConsignmentGenie.Tests.Controllers.ProviderAutoApprovalTests.RegisterProvider_WithAutoApproveDisabled_SetsStatusToPending [FAIL]</Text>
      </RunInfo>
      <RunInfo computerName="DESKTOP-JDL654V" outcome="Error" timestamp="2025-11-22T20:23:48.9068722-05:00">
        <Text>[xUnit.net 00:00:05.02]     ConsignmentGenie.Tests.Services.SlugServiceTests.GenerateSlug_WithEmptyString_ReturnsShop [FAIL]</Text>
      </RunInfo>
      <RunInfo computerName="DESKTOP-JDL654V" outcome="Error" timestamp="2025-11-22T20:23:48.9174285-05:00">
        <Text>[xUnit.net 00:00:05.03]     ConsignmentGenie.Tests.Controllers.AdminControllerTests.ApproveOwner_WithValidUser_ApprovesSuccessfully [FAIL]</Text>
      </RunInfo>
      <RunInfo computerName="DESKTOP-JDL654V" outcome="Error" timestamp="2025-11-22T20:23:48.9175625-05:00">
        <Text>[xUnit.net 00:00:05.03]     ConsignmentGenie.Tests.Services.SlugServiceTests.GenerateUniqueOrganizationSlugAsync_WithShopSlugExists_ReturnsNumberedShopSlug [FAIL]</Text>
      </RunInfo>
      <RunInfo computerName="DESKTOP-JDL654V" outcome="Error" timestamp="2025-11-22T20:23:48.9407283-05:00">
        <Text>[xUnit.net 00:00:05.05]     ConsignmentGenie.Tests.Services.SlugServiceTests.GenerateSlug_WithVariousInputs_GeneratesExpectedSlugs(input: "Café &amp; Bistro", expected: "cafe-and-bistro") [FAIL]</Text>
      </RunInfo>
      <RunInfo computerName="DESKTOP-JDL654V" outcome="Error" timestamp="2025-11-22T20:23:48.9416753-05:00">
        <Text>[xUnit.net 00:00:05.05]     ConsignmentGenie.Tests.Controllers.AdminControllerTests.GetPendingOwners_ReturnsAllPendingOwners [FAIL]</Text>
      </RunInfo>
      <RunInfo computerName="DESKTOP-JDL654V" outcome="Error" timestamp="2025-11-22T20:23:48.9601606-05:00">
        <Text>[xUnit.net 00:00:05.07]     ConsignmentGenie.Tests.Controllers.AdminControllerTests.RejectOwner_WithNullReason_RejectsWithoutReason [FAIL]</Text>
      </RunInfo>
      <RunInfo computerName="DESKTOP-JDL654V" outcome="Error" timestamp="2025-11-22T20:23:48.9684738-05:00">
        <Text>[xUnit.net 00:00:05.08]     ConsignmentGenie.Tests.Services.SlugServiceTests.GenerateUniqueOrganizationSlugAsync_WithEmptyShopName_ReturnsUniqueShopSlug [FAIL]</Text>
      </RunInfo>
      <RunInfo computerName="DESKTOP-JDL654V" outcome="Error" timestamp="2025-11-22T20:23:48.9738542-05:00">
        <Text>[xUnit.net 00:00:05.09]     ConsignmentGenie.Tests.Controllers.AdminControllerTests.ApproveOwner_WithNonOwnerUser_ReturnsBadRequest [FAIL]</Text>
      </RunInfo>
      <RunInfo computerName="DESKTOP-JDL654V" outcome="Error" timestamp="2025-11-22T20:23:48.9823592-05:00">
        <Text>[xUnit.net 00:00:05.09]     ConsignmentGenie.Tests.Services.SlugServiceTests.GenerateSlug_WithWhitespaceOnly_ReturnsShop [FAIL]</Text>
      </RunInfo>
      <RunInfo computerName="DESKTOP-JDL654V" outcome="Error" timestamp="2025-11-22T20:23:48.9835846-05:00">
        <Text>[xUnit.net 00:00:05.10]     ConsignmentGenie.Tests.Controllers.AdminControllerTests.RejectOwner_WithNonExistentUser_ReturnsNotFound [FAIL]</Text>
      </RunInfo>
      <RunInfo computerName="DESKTOP-JDL654V" outcome="Error" timestamp="2025-11-22T20:23:48.9968908-05:00">
        <Text>[xUnit.net 00:00:05.11]     ConsignmentGenie.Tests.Controllers.AdminControllerTests.ApproveOwner_WithAlreadyApprovedUser_ReturnsBadRequest [FAIL]</Text>
      </RunInfo>
      <RunInfo computerName="DESKTOP-JDL654V" outcome="Error" timestamp="2025-11-22T20:23:49.0059025-05:00">
        <Text>[xUnit.net 00:00:05.12]     ConsignmentGenie.Tests.Controllers.AdminControllerTests.RejectOwner_WithValidData_RejectsSuccessfully [FAIL]</Text>
      </RunInfo>
      <RunInfo computerName="DESKTOP-JDL654V" outcome="Error" timestamp="2025-11-22T20:23:49.0376455-05:00">
        <Text>[xUnit.net 00:00:05.15]     ConsignmentGenie.Tests.Controllers.DashboardControllerTests.UpdateAutoApproveProviders_EnablesAutoApprove [FAIL]</Text>
      </RunInfo>
      <RunInfo computerName="DESKTOP-JDL654V" outcome="Error" timestamp="2025-11-22T20:23:49.0605663-05:00">
        <Text>[xUnit.net 00:00:05.17]     ConsignmentGenie.Tests.Services.SplitCalculationServiceTests.CalculatePayoutsAsync_NoTransactions_ReturnsEmptySummary [FAIL]</Text>
      </RunInfo>
      <RunInfo computerName="DESKTOP-JDL654V" outcome="Error" timestamp="2025-11-22T20:23:49.0665837-05:00">
        <Text>[xUnit.net 00:00:05.18]     ConsignmentGenie.Tests.Services.SplitCalculationServiceTests.CalculateSplit_VariousInputs_ReturnsCorrectSplit(salePrice: 25.75, splitPercentage: 30, expectedProviderAmount: 7.73, expectedShopAmount: 18.02) [FAIL]</Text>
      </RunInfo>
      <RunInfo computerName="DESKTOP-JDL654V" outcome="Error" timestamp="2025-11-22T20:23:49.0720249-05:00">
        <Text>[xUnit.net 00:00:05.18]     ConsignmentGenie.Tests.Controllers.DashboardControllerTests.UpdateAutoApproveProviders_DisablesAutoApprove [FAIL]</Text>
      </RunInfo>
      <RunInfo computerName="DESKTOP-JDL654V" outcome="Error" timestamp="2025-11-22T20:23:49.0862812-05:00">
        <Text>[xUnit.net 00:00:05.20]     ConsignmentGenie.Tests.Controllers.DashboardControllerTests.GetOrganizationSettings_ReturnsCorrectSettings [FAIL]</Text>
      </RunInfo>
      <RunInfo computerName="DESKTOP-JDL654V" outcome="Error" timestamp="2025-11-22T20:23:49.1208686-05:00">
        <Text>[xUnit.net 00:00:05.23]     ConsignmentGenie.Tests.Services.SplitCalculationServiceTests.CalculatePayoutsAsync_WithTransactions_ReturnsCorrectSummary [FAIL]</Text>
      </RunInfo>
      <RunInfo computerName="DESKTOP-JDL654V" outcome="Error" timestamp="2025-11-22T20:23:49.1585023-05:00">
        <Text>[xUnit.net 00:00:05.27]     ConsignmentGenie.Tests.Services.SplitCalculationServiceTests.CalculatePayoutsAsync_TransactionsOutsidePeriod_ExcludesFromSummary [FAIL]</Text>
      </RunInfo>
      <RunInfo computerName="DESKTOP-JDL654V" outcome="Error" timestamp="2025-11-22T20:23:49.2434634-05:00">
        <Text>[xUnit.net 00:00:05.36]     ConsignmentGenie.Tests.Controllers.AdminControllerTests.ApproveOwner_GeneratesStoreCodeForOrganization [FAIL]</Text>
      </RunInfo>
      <RunInfo computerName="DESKTOP-JDL654V" outcome="Error" timestamp="2025-11-22T20:23:49.2533102-05:00">
        <Text>[xUnit.net 00:00:05.37]     ConsignmentGenie.Tests.Controllers.AdminControllerTests.GetPendingOwners_OrdersByRequestedDate [FAIL]</Text>
      </RunInfo>
      <RunInfo computerName="DESKTOP-JDL654V" outcome="Error" timestamp="2025-11-22T20:23:49.2622120-05:00">
        <Text>[xUnit.net 00:00:05.37]     ConsignmentGenie.Tests.Controllers.AdminControllerTests.ApproveOwner_WithNonExistentUser_ReturnsNotFound [FAIL]</Text>
      </RunInfo>
      <RunInfo computerName="DESKTOP-JDL654V" outcome="Error" timestamp="2025-11-22T20:23:49.3870962-05:00">
        <Text>[xUnit.net 00:00:05.50]     ConsignmentGenie.Tests.Services.AnonymousSessionTests.AnonymousCart_AddSameItemTwice_DoesNotDuplicate [FAIL]</Text>
      </RunInfo>
      <RunInfo computerName="DESKTOP-JDL654V" outcome="Error" timestamp="2025-11-22T20:23:49.4448666-05:00">
        <Text>[xUnit.net 00:00:05.56]     ConsignmentGenie.Tests.Services.ReportsServiceTests.GetPayoutSummaryReportAsync_ReturnsCorrectData [FAIL]</Text>
      </RunInfo>
      <RunInfo computerName="DESKTOP-JDL654V" outcome="Error" timestamp="2025-11-22T20:23:49.8196840-05:00">
        <Text>[xUnit.net 00:00:05.93]     ConsignmentGenie.Tests.Services.StatementServiceTests.GetStatementAsync_WithValidId_ReturnsStatement [FAIL]</Text>
      </RunInfo>
      <RunInfo computerName="DESKTOP-JDL654V" outcome="Error" timestamp="2025-11-22T20:23:49.8853133-05:00">
        <Text>[xUnit.net 00:00:06.00]     ConsignmentGenie.Tests.Services.StatementServiceTests.GenerateStatementAsync_WithValidData_CreatesStatement [FAIL]</Text>
      </RunInfo>
      <RunInfo computerName="DESKTOP-JDL654V" outcome="Error" timestamp="2025-11-22T20:23:52.0081111-05:00">
        <Text>[xUnit.net 00:00:08.12]     ConsignmentGenie.Tests.Services.SeedingTests.SeedData_CreatesProviderEntity [FAIL]</Text>
      </RunInfo>
      <RunInfo computerName="DESKTOP-JDL654V" outcome="Error" timestamp="2025-11-22T20:23:52.1366961-05:00">
        <Text>[xUnit.net 00:00:08.25]     ConsignmentGenie.Tests.Services.ShopperAuthServiceTests.GenerateShopperJwtToken_WithValidParameters_ReturnsValidToken [FAIL]</Text>
      </RunInfo>
      <RunInfo computerName="DESKTOP-JDL654V" outcome="Error" timestamp="2025-11-22T20:23:52.1750489-05:00">
        <Text>[xUnit.net 00:00:08.29]     ConsignmentGenie.Tests.Services.ShopperAuthServiceTests.RegisterAsync_WithInvalidSlug_ReturnsFailure [FAIL]</Text>
      </RunInfo>
      <RunInfo computerName="DESKTOP-JDL654V" outcome="Error" timestamp="2025-11-22T20:23:59.0201940-05:00">
        <Text>[xUnit.net 00:00:15.13]     ConsignmentGenie.Tests.Services.RegistrationServiceTests.RegisterProviderAsync_WithInvalidStoreCode_ReturnsError [FAIL]</Text>
      </RunInfo>
    </RunInfos>
  </ResultSummary>
</TestRun>